#
# There is insufficient memory for the Java Runtime Environment to continue.
# Native memory allocation (malloc) failed to allocate 65552 bytes. Error detail: Chunk::new
# Possible reasons:
#   The system is out of physical RAM or swap space
#   This process is running with CompressedOops enabled, and the Java Heap may be blocking the growth of the native heap
# Possible solutions:
#   Reduce memory load on the system
#   Increase physical memory or swap space
#   Check if swap backing store is full
#   Decrease Java heap size (-Xmx/-Xms)
#   Decrease number of Java threads
#   Decrease Java thread stack sizes (-Xss)
#   Set larger code cache with -XX:ReservedCodeCacheSize=
#   JVM is running with Unscaled Compressed Oops mode in which the Java heap is
#     placed in the first 4GB address space. The Java Heap base address is the
#     maximum limit for the native heap growth. Please use -XX:HeapBaseMinAddress
#     to set the Java Heap base and to place the Java Heap above 4GB virtual address.
# This output file may be truncated or incomplete.
#
#  Out of Memory Error (arena.cpp:191), pid=11392, tid=12024
#
# JRE version: OpenJDK Runtime Environment (17.0.11) (build 17.0.11+0--11852314)
# Java VM: OpenJDK 64-Bit Server VM (17.0.11+0--11852314, mixed mode, tiered, compressed oops, compressed class ptrs, g1 gc, windows-amd64)
# No core dump will be written. Minidumps are not enabled by default on client versions of Windows
#

---------------  S U M M A R Y ------------

Command Line: --add-opens=java.base/java.util=ALL-UNNAMED --add-opens=java.base/java.lang=ALL-UNNAMED --add-opens=java.base/java.lang.invoke=ALL-UNNAMED --add-opens=java.prefs/java.util.prefs=ALL-UNNAMED --add-opens=java.base/java.nio.charset=ALL-UNNAMED --add-opens=java.base/java.net=ALL-UNNAMED --add-opens=java.base/java.util.concurrent.atomic=ALL-UNNAMED -Xmx2048m -Dfile.encoding=UTF-8 -Duser.country=MX -Duser.language=es -Duser.variant -javaagent:C:\Users\josee\.gradle\wrapper\dists\gradle-8.7-bin\bhs2wmbdwecv87pi65oeuq5iu\gradle-8.7\lib\agents\gradle-instrumentation-agent-8.7.jar org.gradle.launcher.daemon.bootstrap.GradleDaemon 8.7

Host: 11th Gen Intel(R) Core(TM) i3-1115G4 @ 3.00GHz, 4 cores, 7G,  Windows 11 , 64 bit Build 22621 (10.0.22621.5415)
Time: Thu Jul 10 09:58:32 2025 Hora estándar central (México) elapsed time: 29.269130 seconds (0d 0h 0m 29s)

---------------  T H R E A D  ---------------

Current thread (0x00000249cba72d90):  JavaThread "C2 CompilerThread0" daemon [_thread_in_native, id=12024, stack(0x000000bff4200000,0x000000bff4300000)]


Current CompileTask:
C2:  29269 7190   !   4       java.net.URLClassLoader::findClass (47 bytes)

Stack: [0x000000bff4200000,0x000000bff4300000]
Native frames: (J=compiled Java code, j=interpreted, Vv=VM code, C=native code)
V  [jvm.dll+0x687bb9]
V  [jvm.dll+0x84142a]
V  [jvm.dll+0x8430ae]
V  [jvm.dll+0x843713]
V  [jvm.dll+0x24a35f]
V  [jvm.dll+0xac544]
V  [jvm.dll+0xacb8c]
V  [jvm.dll+0xac64b]
V  [jvm.dll+0x6df28c]
V  [jvm.dll+0x59880f]
V  [jvm.dll+0x57f05a]
V  [jvm.dll+0x57bdd5]
V  [jvm.dll+0x57e552]
V  [jvm.dll+0x57df17]
V  [jvm.dll+0x57d52e]
V  [jvm.dll+0x57d4f5]
V  [jvm.dll+0x58f40f]
V  [jvm.dll+0x2247e2]
V  [jvm.dll+0x21da52]
V  [jvm.dll+0x21b201]
V  [jvm.dll+0x1a63ed]
V  [jvm.dll+0x22b1ee]
V  [jvm.dll+0x229375]
V  [jvm.dll+0x7f5647]
V  [jvm.dll+0x7efa4a]
V  [jvm.dll+0x686a35]
C  [ucrtbase.dll+0x29333]
C  [KERNEL32.DLL+0x1259d]
C  [ntdll.dll+0x5af78]


---------------  P R O C E S S  ---------------

Threads class SMR info:
_java_thread_list=0x00000249d2fb18f0, length=40, elements={
0x00000249b22ff560, 0x00000249cb902f30, 0x00000249cb904b00, 0x00000249cba6bd90,
0x00000249cba6c950, 0x00000249cba6f520, 0x00000249cba71ff0, 0x00000249cba72d90,
0x00000249cbae3730, 0x00000249cb908f60, 0x00000249cbb67eb0, 0x00000249cbcce940,
0x00000249d244e310, 0x00000249d098ea50, 0x00000249d0bbf980, 0x00000249d1e3b010,
0x00000249d1e3b8c0, 0x00000249d0f90130, 0x00000249d1acb6f0, 0x00000249d226b320,
0x00000249d2268aa0, 0x00000249d226ae10, 0x00000249d2268fb0, 0x00000249d22699d0,
0x00000249d2268590, 0x00000249d226a900, 0x00000249d2268080, 0x00000249d22694c0,
0x00000249d2269ee0, 0x00000249d226a3f0, 0x00000249d31c7950, 0x00000249d31c41a0,
0x00000249d31c0f00, 0x00000249d31c50d0, 0x00000249d31c5af0, 0x00000249d31c1410,
0x00000249d31c1920, 0x00000249d31c09f0, 0x00000249d31c3780, 0x00000249d31c3270
}

Java Threads: ( => current thread )
  0x00000249b22ff560 JavaThread "main" [_thread_blocked, id=8024, stack(0x000000bff3500000,0x000000bff3600000)]
  0x00000249cb902f30 JavaThread "Reference Handler" daemon [_thread_blocked, id=7084, stack(0x000000bff3c00000,0x000000bff3d00000)]
  0x00000249cb904b00 JavaThread "Finalizer" daemon [_thread_blocked, id=11580, stack(0x000000bff3d00000,0x000000bff3e00000)]
  0x00000249cba6bd90 JavaThread "Signal Dispatcher" daemon [_thread_blocked, id=11804, stack(0x000000bff3e00000,0x000000bff3f00000)]
  0x00000249cba6c950 JavaThread "Attach Listener" daemon [_thread_blocked, id=12016, stack(0x000000bff3f00000,0x000000bff4000000)]
  0x00000249cba6f520 JavaThread "Service Thread" daemon [_thread_blocked, id=11808, stack(0x000000bff4000000,0x000000bff4100000)]
  0x00000249cba71ff0 JavaThread "Monitor Deflation Thread" daemon [_thread_blocked, id=11996, stack(0x000000bff4100000,0x000000bff4200000)]
=>0x00000249cba72d90 JavaThread "C2 CompilerThread0" daemon [_thread_in_native, id=12024, stack(0x000000bff4200000,0x000000bff4300000)]
  0x00000249cbae3730 JavaThread "C1 CompilerThread0" daemon [_thread_blocked, id=8916, stack(0x000000bff4300000,0x000000bff4400000)]
  0x00000249cb908f60 JavaThread "Sweeper thread" daemon [_thread_blocked, id=11764, stack(0x000000bff4400000,0x000000bff4500000)]
  0x00000249cbb67eb0 JavaThread "Common-Cleaner" daemon [_thread_blocked, id=11728, stack(0x000000bff4500000,0x000000bff4600000)]
  0x00000249cbcce940 JavaThread "Notification Thread" daemon [_thread_blocked, id=12008, stack(0x000000bff4600000,0x000000bff4700000)]
  0x00000249d244e310 JavaThread "Daemon health stats" [_thread_blocked, id=4728, stack(0x000000bff4c00000,0x000000bff4d00000)]
  0x00000249d098ea50 JavaThread "Incoming local TCP Connector on port 55275" [_thread_in_native, id=10900, stack(0x000000bff4800000,0x000000bff4900000)]
  0x00000249d0bbf980 JavaThread "Daemon periodic checks" [_thread_blocked, id=12176, stack(0x000000bff4d00000,0x000000bff4e00000)]
  0x00000249d1e3b010 JavaThread "Daemon" [_thread_blocked, id=12188, stack(0x000000bff4e00000,0x000000bff4f00000)]
  0x00000249d1e3b8c0 JavaThread "Handler for socket connection from /127.0.0.1:55275 to /127.0.0.1:55276" [_thread_in_native, id=1884, stack(0x000000bff4f00000,0x000000bff5000000)]
  0x00000249d0f90130 JavaThread "Cancel handler" [_thread_blocked, id=2840, stack(0x000000bff5000000,0x000000bff5100000)]
  0x00000249d1acb6f0 JavaThread "Daemon worker" [_thread_in_native, id=3056, stack(0x000000bff5100000,0x000000bff5200000)]
  0x00000249d226b320 JavaThread "Asynchronous log dispatcher for DefaultDaemonConnection: socket connection from /127.0.0.1:55275 to /127.0.0.1:55276" [_thread_blocked, id=3152, stack(0x000000bff5200000,0x000000bff5300000)]
  0x00000249d2268aa0 JavaThread "Stdin handler" [_thread_blocked, id=6308, stack(0x000000bff5300000,0x000000bff5400000)]
  0x00000249d226ae10 JavaThread "Daemon client event forwarder" [_thread_blocked, id=3040, stack(0x000000bff5400000,0x000000bff5500000)]
  0x00000249d2268fb0 JavaThread "Cache worker for journal cache (C:\Users\josee\.gradle\caches\journal-1)" [_thread_blocked, id=11332, stack(0x000000bff5500000,0x000000bff5600000)]
  0x00000249d22699d0 JavaThread "File lock request listener" [_thread_in_native, id=9424, stack(0x000000bff5600000,0x000000bff5700000)]
  0x00000249d2268590 JavaThread "Cache worker for file hash cache (C:\Users\josee\.gradle\caches\8.7\fileHashes)" [_thread_blocked, id=10672, stack(0x000000bff5700000,0x000000bff5800000)]
  0x00000249d226a900 JavaThread "Cache worker for file hash cache (D:\trabajos\SegundoPlano\.gradle\8.7\fileHashes)" [_thread_blocked, id=10788, stack(0x000000bff5900000,0x000000bff5a00000)]
  0x00000249d2268080 JavaThread "File watcher server" daemon [_thread_in_native, id=5668, stack(0x000000bff5a00000,0x000000bff5b00000)]
  0x00000249d22694c0 JavaThread "File watcher consumer" daemon [_thread_blocked, id=11884, stack(0x000000bff5b00000,0x000000bff5c00000)]
  0x00000249d2269ee0 JavaThread "Cache worker for checksums cache (D:\trabajos\SegundoPlano\.gradle\8.7\checksums)" [_thread_blocked, id=4616, stack(0x000000bff5800000,0x000000bff5900000)]
  0x00000249d226a3f0 JavaThread "Cache worker for cache directory md-supplier (C:\Users\josee\.gradle\caches\8.7\md-supplier)" [_thread_blocked, id=6528, stack(0x000000bff5c00000,0x000000bff5d00000)]
  0x00000249d31c7950 JavaThread "Cache worker for cache directory md-rule (C:\Users\josee\.gradle\caches\8.7\md-rule)" [_thread_blocked, id=7284, stack(0x000000bff5d00000,0x000000bff5e00000)]
  0x00000249d31c41a0 JavaThread "Cache worker for file content cache (C:\Users\josee\.gradle\caches\8.7\fileContent)" [_thread_blocked, id=10264, stack(0x000000bff5f00000,0x000000bff6000000)]
  0x00000249d31c0f00 JavaThread "File lock release action executor" [_thread_blocked, id=1668, stack(0x000000bff5e00000,0x000000bff5f00000)]
  0x00000249d31c50d0 JavaThread "Cache worker for Build Output Cleanup Cache (D:\trabajos\SegundoPlano\.gradle\buildOutputCleanup)" [_thread_blocked, id=3828, stack(0x000000bff6200000,0x000000bff6300000)]
  0x00000249d31c5af0 JavaThread "Unconstrained build operations" [_thread_blocked, id=11180, stack(0x000000bff6300000,0x000000bff6400000)]
  0x00000249d31c1410 JavaThread "Unconstrained build operations Thread 2" [_thread_blocked, id=2000, stack(0x000000bff6400000,0x000000bff6500000)]
  0x00000249d31c1920 JavaThread "Unconstrained build operations Thread 3" [_thread_blocked, id=3724, stack(0x000000bff6500000,0x000000bff6600000)]
  0x00000249d31c09f0 JavaThread "Unconstrained build operations Thread 4" [_thread_blocked, id=4872, stack(0x000000bff6100000,0x000000bff6200000)]
  0x00000249d31c3780 JavaThread "Unconstrained build operations Thread 5" [_thread_blocked, id=2680, stack(0x000000bff6600000,0x000000bff6700000)]
  0x00000249d31c3270 JavaThread "Unconstrained build operations Thread 6" [_thread_blocked, id=4256, stack(0x000000bff6700000,0x000000bff6800000)]

Other Threads:
  0x00000249cb8c9b80 VMThread "VM Thread" [stack: 0x000000bff3b00000,0x000000bff3c00000] [id=12000]
  0x00000249b23003e0 WatcherThread [stack: 0x000000bff4700000,0x000000bff4800000] [id=12012]
  0x00000249b2359ae0 GCTaskThread "GC Thread#0" [stack: 0x000000bff3600000,0x000000bff3700000] [id=11800]
  0x00000249d00dd410 GCTaskThread "GC Thread#1" [stack: 0x000000bff4900000,0x000000bff4a00000] [id=9612]
  0x00000249d00dd6d0 GCTaskThread "GC Thread#2" [stack: 0x000000bff4a00000,0x000000bff4b00000] [id=11584]
  0x00000249d0111f70 GCTaskThread "GC Thread#3" [stack: 0x000000bff4b00000,0x000000bff4c00000] [id=3592]
  0x00000249b236aa30 ConcurrentGCThread "G1 Main Marker" [stack: 0x000000bff3700000,0x000000bff3800000] [id=11684]
  0x00000249b236b450 ConcurrentGCThread "G1 Conc#0" [stack: 0x000000bff3800000,0x000000bff3900000] [id=11680]
  0x00000249b23ad570 ConcurrentGCThread "G1 Refine#0" [stack: 0x000000bff3900000,0x000000bff3a00000] [id=10928]
  0x00000249d3257040 ConcurrentGCThread "G1 Refine#1" [stack: 0x000000bff6000000,0x000000bff6100000] [id=8576]
  0x00000249b23adfa0 ConcurrentGCThread "G1 Service" [stack: 0x000000bff3a00000,0x000000bff3b00000] [id=3004]

Threads with active compile tasks:
C2 CompilerThread0    29332 7190   !   4       java.net.URLClassLoader::findClass (47 bytes)

VM state: not at safepoint (normal execution)

VM Mutex/Monitor currently owned by a thread: None

Heap address: 0x0000000080000000, size: 2048 MB, Compressed Oops mode: 32-bit

CDS archive(s) not mapped
Compressed class space mapped at: 0x0000000100000000-0x0000000140000000, reserved size: 1073741824
Narrow klass base: 0x0000000000000000, Narrow klass shift: 3, Narrow klass range: 0x140000000

GC Precious Log:
 CPUs: 4 total, 4 available
 Memory: 7975M
 Large Page Support: Disabled
 NUMA Support: Disabled
 Compressed Oops: Enabled (32-bit)
 Heap Region Size: 1M
 Heap Min Capacity: 8M
 Heap Initial Capacity: 126M
 Heap Max Capacity: 2G
 Pre-touch: Disabled
 Parallel Workers: 4
 Concurrent Workers: 1
 Concurrent Refinement Workers: 4
 Periodic GC: Disabled

Heap:
 garbage-first heap   total 135168K, used 75387K [0x0000000080000000, 0x0000000100000000)
  region size 1024K, 12 young (12288K), 1 survivors (1024K)
 Metaspace       used 63171K, committed 63744K, reserved 1114112K
  class space    used 8545K, committed 8832K, reserved 1048576K

Heap Regions: E=young(eden), S=young(survivor), O=old, HS=humongous(starts), HC=humongous(continues), CS=collection set, F=free, OA=open archive, CA=closed archive, TAMS=top-at-mark-start (previous, next)
|   0|0x0000000080000000, 0x0000000080100000, 0x0000000080100000|100%| O|  |TAMS 0x0000000080100000, 0x0000000080000000| Untracked 
|   1|0x0000000080100000, 0x0000000080200000, 0x0000000080200000|100%|HS|  |TAMS 0x0000000080200000, 0x0000000080100000| Complete 
|   2|0x0000000080200000, 0x0000000080300000, 0x0000000080300000|100%|HC|  |TAMS 0x0000000080300000, 0x0000000080200000| Complete 
|   3|0x0000000080300000, 0x0000000080400000, 0x0000000080400000|100%|HC|  |TAMS 0x0000000080400000, 0x0000000080300000| Complete 
|   4|0x0000000080400000, 0x0000000080500000, 0x0000000080500000|100%|HC|  |TAMS 0x0000000080500000, 0x0000000080400000| Complete 
|   5|0x0000000080500000, 0x0000000080600000, 0x0000000080600000|100%| O|  |TAMS 0x0000000080600000, 0x0000000080500000| Untracked 
|   6|0x0000000080600000, 0x0000000080700000, 0x0000000080700000|100%| O|  |TAMS 0x0000000080700000, 0x0000000080600000| Untracked 
|   7|0x0000000080700000, 0x0000000080800000, 0x0000000080800000|100%| O|  |TAMS 0x0000000080800000, 0x0000000080700000| Untracked 
|   8|0x0000000080800000, 0x0000000080900000, 0x0000000080900000|100%| O|  |TAMS 0x0000000080900000, 0x0000000080800000| Untracked 
|   9|0x0000000080900000, 0x0000000080a00000, 0x0000000080a00000|100%| O|  |TAMS 0x0000000080a00000, 0x0000000080900000| Untracked 
|  10|0x0000000080a00000, 0x0000000080ac0200, 0x0000000080b00000| 75%| O|  |TAMS 0x0000000080ac0200, 0x0000000080a00000| Untracked 
|  11|0x0000000080b00000, 0x0000000080c00000, 0x0000000080c00000|100%| O|  |TAMS 0x0000000080c00000, 0x0000000080b00000| Untracked 
|  12|0x0000000080c00000, 0x0000000080d00000, 0x0000000080d00000|100%| O|  |TAMS 0x0000000080d00000, 0x0000000080c00000| Untracked 
|  13|0x0000000080d00000, 0x0000000080e00000, 0x0000000080e00000|100%| O|  |TAMS 0x0000000080e00000, 0x0000000080d00000| Untracked 
|  14|0x0000000080e00000, 0x0000000080f00000, 0x0000000080f00000|100%| O|  |TAMS 0x0000000080f00000, 0x0000000080e00000| Untracked 
|  15|0x0000000080f00000, 0x0000000081000000, 0x0000000081000000|100%| O|  |TAMS 0x0000000081000000, 0x0000000080f00000| Untracked 
|  16|0x0000000081000000, 0x0000000081100000, 0x0000000081100000|100%| O|  |TAMS 0x0000000081100000, 0x0000000081000000| Untracked 
|  17|0x0000000081100000, 0x0000000081200000, 0x0000000081200000|100%| O|  |TAMS 0x0000000081200000, 0x0000000081100000| Untracked 
|  18|0x0000000081200000, 0x0000000081300000, 0x0000000081300000|100%| O|  |TAMS 0x0000000081300000, 0x0000000081200000| Untracked 
|  19|0x0000000081300000, 0x0000000081400000, 0x0000000081400000|100%| O|  |TAMS 0x0000000081400000, 0x0000000081300000| Untracked 
|  20|0x0000000081400000, 0x0000000081500000, 0x0000000081500000|100%| O|  |TAMS 0x0000000081500000, 0x0000000081400000| Untracked 
|  21|0x0000000081500000, 0x0000000081600000, 0x0000000081600000|100%| O|  |TAMS 0x0000000081600000, 0x0000000081500000| Untracked 
|  22|0x0000000081600000, 0x0000000081600000, 0x0000000081700000|  0%| F|  |TAMS 0x0000000081600000, 0x0000000081600000| Untracked 
|  23|0x0000000081700000, 0x0000000081800000, 0x0000000081800000|100%| O|  |TAMS 0x0000000081800000, 0x0000000081700000| Untracked 
|  24|0x0000000081800000, 0x0000000081900000, 0x0000000081900000|100%| O|  |TAMS 0x0000000081900000, 0x0000000081800000| Untracked 
|  25|0x0000000081900000, 0x0000000081a00000, 0x0000000081a00000|100%| O|  |TAMS 0x0000000081a00000, 0x0000000081900000| Untracked 
|  26|0x0000000081a00000, 0x0000000081b00000, 0x0000000081b00000|100%| O|  |TAMS 0x0000000081b00000, 0x0000000081a00000| Untracked 
|  27|0x0000000081b00000, 0x0000000081c00000, 0x0000000081c00000|100%| O|  |TAMS 0x0000000081c00000, 0x0000000081b00000| Untracked 
|  28|0x0000000081c00000, 0x0000000081d00000, 0x0000000081d00000|100%| O|  |TAMS 0x0000000081d00000, 0x0000000081c00000| Untracked 
|  29|0x0000000081d00000, 0x0000000081e00000, 0x0000000081e00000|100%|HS|  |TAMS 0x0000000081d00000, 0x0000000081d00000| Complete 
|  30|0x0000000081e00000, 0x0000000081f00000, 0x0000000081f00000|100%| O|  |TAMS 0x0000000081f00000, 0x0000000081e00000| Untracked 
|  31|0x0000000081f00000, 0x0000000082000000, 0x0000000082000000|100%| O|  |TAMS 0x0000000082000000, 0x0000000081f00000| Untracked 
|  32|0x0000000082000000, 0x0000000082100000, 0x0000000082100000|100%| O|  |TAMS 0x0000000082100000, 0x0000000082000000| Untracked 
|  33|0x0000000082100000, 0x0000000082200000, 0x0000000082200000|100%| O|  |TAMS 0x0000000082200000, 0x0000000082100000| Untracked 
|  34|0x0000000082200000, 0x0000000082300000, 0x0000000082300000|100%| O|  |TAMS 0x0000000082300000, 0x0000000082200000| Untracked 
|  35|0x0000000082300000, 0x0000000082400000, 0x0000000082400000|100%| O|  |TAMS 0x0000000082400000, 0x0000000082300000| Untracked 
|  36|0x0000000082400000, 0x0000000082500000, 0x0000000082500000|100%| O|  |TAMS 0x0000000082500000, 0x0000000082400000| Untracked 
|  37|0x0000000082500000, 0x0000000082600000, 0x0000000082600000|100%| O|  |TAMS 0x0000000082600000, 0x0000000082500000| Untracked 
|  38|0x0000000082600000, 0x0000000082700000, 0x0000000082700000|100%| O|  |TAMS 0x0000000082700000, 0x0000000082600000| Untracked 
|  39|0x0000000082700000, 0x0000000082800000, 0x0000000082800000|100%| O|  |TAMS 0x0000000082800000, 0x0000000082700000| Untracked 
|  40|0x0000000082800000, 0x0000000082900000, 0x0000000082900000|100%| O|  |TAMS 0x0000000082900000, 0x0000000082800000| Untracked 
|  41|0x0000000082900000, 0x0000000082a00000, 0x0000000082a00000|100%|HS|  |TAMS 0x0000000082a00000, 0x0000000082900000| Complete 
|  42|0x0000000082a00000, 0x0000000082b00000, 0x0000000082b00000|100%|HS|  |TAMS 0x0000000082b00000, 0x0000000082a00000| Complete 
|  43|0x0000000082b00000, 0x0000000082c00000, 0x0000000082c00000|100%|HS|  |TAMS 0x0000000082c00000, 0x0000000082b00000| Complete 
|  44|0x0000000082c00000, 0x0000000082d00000, 0x0000000082d00000|100%|HC|  |TAMS 0x0000000082d00000, 0x0000000082c00000| Complete 
|  45|0x0000000082d00000, 0x0000000082e00000, 0x0000000082e00000|100%|HS|  |TAMS 0x0000000082e00000, 0x0000000082d00000| Complete 
|  46|0x0000000082e00000, 0x0000000082f00000, 0x0000000082f00000|100%|HC|  |TAMS 0x0000000082f00000, 0x0000000082e00000| Complete 
|  47|0x0000000082f00000, 0x0000000083000000, 0x0000000083000000|100%|HS|  |TAMS 0x0000000083000000, 0x0000000082f00000| Complete 
|  48|0x0000000083000000, 0x0000000083100000, 0x0000000083100000|100%|HS|  |TAMS 0x0000000083100000, 0x0000000083000000| Complete 
|  49|0x0000000083100000, 0x0000000083200000, 0x0000000083200000|100%|HC|  |TAMS 0x0000000083200000, 0x0000000083100000| Complete 
|  50|0x0000000083200000, 0x0000000083300000, 0x0000000083300000|100%|HC|  |TAMS 0x0000000083300000, 0x0000000083200000| Complete 
|  51|0x0000000083300000, 0x0000000083400000, 0x0000000083400000|100%|HC|  |TAMS 0x0000000083400000, 0x0000000083300000| Complete 
|  52|0x0000000083400000, 0x0000000083500000, 0x0000000083500000|100%|HS|  |TAMS 0x0000000083500000, 0x0000000083400000| Complete 
|  53|0x0000000083500000, 0x0000000083600000, 0x0000000083600000|100%| O|  |TAMS 0x0000000083600000, 0x0000000083500000| Untracked 
|  54|0x0000000083600000, 0x0000000083700000, 0x0000000083700000|100%|HS|  |TAMS 0x0000000083700000, 0x0000000083600000| Complete 
|  55|0x0000000083700000, 0x0000000083800000, 0x0000000083800000|100%| O|  |TAMS 0x0000000083800000, 0x0000000083700000| Untracked 
|  56|0x0000000083800000, 0x0000000083900000, 0x0000000083900000|100%| O|  |TAMS 0x0000000083900000, 0x0000000083800000| Untracked 
|  57|0x0000000083900000, 0x0000000083a00000, 0x0000000083a00000|100%| O|  |TAMS 0x0000000083a00000, 0x0000000083900000| Untracked 
|  58|0x0000000083a00000, 0x0000000083b00000, 0x0000000083b00000|100%| O|  |TAMS 0x0000000083a00000, 0x0000000083a00000| Untracked 
|  59|0x0000000083b00000, 0x0000000083bb5600, 0x0000000083c00000| 70%| O|  |TAMS 0x0000000083b00000, 0x0000000083b00000| Untracked 
|  60|0x0000000083c00000, 0x0000000083c00000, 0x0000000083d00000|  0%| F|  |TAMS 0x0000000083c00000, 0x0000000083c00000| Untracked 
|  61|0x0000000083d00000, 0x0000000083e00000, 0x0000000083e00000|100%| O|  |TAMS 0x0000000083e00000, 0x0000000083d00000| Untracked 
|  62|0x0000000083e00000, 0x0000000083f00000, 0x0000000083f00000|100%| O|  |TAMS 0x0000000083f00000, 0x0000000083e00000| Untracked 
|  63|0x0000000083f00000, 0x0000000084000000, 0x0000000084000000|100%| O|  |TAMS 0x0000000083f2f200, 0x0000000083f00000| Untracked 
|  64|0x0000000084000000, 0x0000000084000000, 0x0000000084100000|  0%| F|  |TAMS 0x0000000084000000, 0x0000000084000000| Untracked 
|  65|0x0000000084100000, 0x0000000084100000, 0x0000000084200000|  0%| F|  |TAMS 0x0000000084100000, 0x0000000084100000| Untracked 
|  66|0x0000000084200000, 0x0000000084200000, 0x0000000084300000|  0%| F|  |TAMS 0x0000000084200000, 0x0000000084200000| Untracked 
|  67|0x0000000084300000, 0x0000000084300000, 0x0000000084400000|  0%| F|  |TAMS 0x0000000084300000, 0x0000000084300000| Untracked 
|  68|0x0000000084400000, 0x0000000084400000, 0x0000000084500000|  0%| F|  |TAMS 0x0000000084400000, 0x0000000084400000| Untracked 
|  69|0x0000000084500000, 0x0000000084500000, 0x0000000084600000|  0%| F|  |TAMS 0x0000000084500000, 0x0000000084500000| Untracked 
|  70|0x0000000084600000, 0x0000000084600000, 0x0000000084700000|  0%| F|  |TAMS 0x0000000084600000, 0x0000000084600000| Untracked 
|  71|0x0000000084700000, 0x0000000084700000, 0x0000000084800000|  0%| F|  |TAMS 0x0000000084700000, 0x0000000084700000| Untracked 
|  72|0x0000000084800000, 0x0000000084800000, 0x0000000084900000|  0%| F|  |TAMS 0x0000000084800000, 0x0000000084800000| Untracked 
|  73|0x0000000084900000, 0x0000000084900000, 0x0000000084a00000|  0%| F|  |TAMS 0x0000000084900000, 0x0000000084900000| Untracked 
|  74|0x0000000084a00000, 0x0000000084a00000, 0x0000000084b00000|  0%| F|  |TAMS 0x0000000084a00000, 0x0000000084a00000| Untracked 
|  75|0x0000000084b00000, 0x0000000084b00000, 0x0000000084c00000|  0%| F|  |TAMS 0x0000000084b00000, 0x0000000084b00000| Untracked 
|  76|0x0000000084c00000, 0x0000000084c00000, 0x0000000084d00000|  0%| F|  |TAMS 0x0000000084c00000, 0x0000000084c00000| Untracked 
|  77|0x0000000084d00000, 0x0000000084d00000, 0x0000000084e00000|  0%| F|  |TAMS 0x0000000084d00000, 0x0000000084d00000| Untracked 
|  78|0x0000000084e00000, 0x0000000084e00000, 0x0000000084f00000|  0%| F|  |TAMS 0x0000000084e00000, 0x0000000084e00000| Untracked 
|  79|0x0000000084f00000, 0x0000000084f00000, 0x0000000085000000|  0%| F|  |TAMS 0x0000000084f00000, 0x0000000084f00000| Untracked 
|  80|0x0000000085000000, 0x0000000085000000, 0x0000000085100000|  0%| F|  |TAMS 0x0000000085000000, 0x0000000085000000| Untracked 
|  81|0x0000000085100000, 0x0000000085100000, 0x0000000085200000|  0%| F|  |TAMS 0x0000000085100000, 0x0000000085100000| Untracked 
|  82|0x0000000085200000, 0x0000000085200000, 0x0000000085300000|  0%| F|  |TAMS 0x0000000085200000, 0x0000000085200000| Untracked 
|  83|0x0000000085300000, 0x0000000085300000, 0x0000000085400000|  0%| F|  |TAMS 0x0000000085300000, 0x0000000085300000| Untracked 
|  84|0x0000000085400000, 0x0000000085400000, 0x0000000085500000|  0%| F|  |TAMS 0x0000000085400000, 0x0000000085400000| Untracked 
|  85|0x0000000085500000, 0x0000000085500000, 0x0000000085600000|  0%| F|  |TAMS 0x0000000085500000, 0x0000000085500000| Untracked 
|  86|0x0000000085600000, 0x0000000085600000, 0x0000000085700000|  0%| F|  |TAMS 0x0000000085600000, 0x0000000085600000| Untracked 
|  87|0x0000000085700000, 0x0000000085700000, 0x0000000085800000|  0%| F|  |TAMS 0x0000000085700000, 0x0000000085700000| Untracked 
|  88|0x0000000085800000, 0x0000000085800000, 0x0000000085900000|  0%| F|  |TAMS 0x0000000085800000, 0x0000000085800000| Untracked 
|  89|0x0000000085900000, 0x0000000085900000, 0x0000000085a00000|  0%| F|  |TAMS 0x0000000085900000, 0x0000000085900000| Untracked 
|  90|0x0000000085a00000, 0x0000000085a00000, 0x0000000085b00000|  0%| F|  |TAMS 0x0000000085a00000, 0x0000000085a00000| Untracked 
|  91|0x0000000085b00000, 0x0000000085b00000, 0x0000000085c00000|  0%| F|  |TAMS 0x0000000085b00000, 0x0000000085b00000| Untracked 
|  92|0x0000000085c00000, 0x0000000085c00000, 0x0000000085d00000|  0%| F|  |TAMS 0x0000000085c00000, 0x0000000085c00000| Untracked 
|  93|0x0000000085d00000, 0x0000000085d00000, 0x0000000085e00000|  0%| F|  |TAMS 0x0000000085d00000, 0x0000000085d00000| Untracked 
|  94|0x0000000085e00000, 0x0000000085e00000, 0x0000000085f00000|  0%| F|  |TAMS 0x0000000085e00000, 0x0000000085e00000| Untracked 
|  95|0x0000000085f00000, 0x0000000085f00000, 0x0000000086000000|  0%| F|  |TAMS 0x0000000085f00000, 0x0000000085f00000| Untracked 
|  96|0x0000000086000000, 0x0000000086000000, 0x0000000086100000|  0%| F|  |TAMS 0x0000000086000000, 0x0000000086000000| Untracked 
|  97|0x0000000086100000, 0x0000000086100000, 0x0000000086200000|  0%| F|  |TAMS 0x0000000086100000, 0x0000000086100000| Untracked 
|  98|0x0000000086200000, 0x0000000086200000, 0x0000000086300000|  0%| F|  |TAMS 0x0000000086200000, 0x0000000086200000| Untracked 
|  99|0x0000000086300000, 0x0000000086300000, 0x0000000086400000|  0%| F|  |TAMS 0x0000000086300000, 0x0000000086300000| Untracked 
| 100|0x0000000086400000, 0x0000000086400000, 0x0000000086500000|  0%| F|  |TAMS 0x0000000086400000, 0x0000000086400000| Untracked 
| 101|0x0000000086500000, 0x0000000086500000, 0x0000000086600000|  0%| F|  |TAMS 0x0000000086500000, 0x0000000086500000| Untracked 
| 102|0x0000000086600000, 0x0000000086600000, 0x0000000086700000|  0%| F|  |TAMS 0x0000000086600000, 0x0000000086600000| Untracked 
| 103|0x0000000086700000, 0x0000000086700000, 0x0000000086800000|  0%| F|  |TAMS 0x0000000086700000, 0x0000000086700000| Untracked 
| 104|0x0000000086800000, 0x0000000086800000, 0x0000000086900000|  0%| F|  |TAMS 0x0000000086800000, 0x0000000086800000| Untracked 
| 105|0x0000000086900000, 0x0000000086900000, 0x0000000086a00000|  0%| F|  |TAMS 0x0000000086900000, 0x0000000086900000| Untracked 
| 106|0x0000000086a00000, 0x0000000086a00000, 0x0000000086b00000|  0%| F|  |TAMS 0x0000000086a00000, 0x0000000086a00000| Untracked 
| 107|0x0000000086b00000, 0x0000000086b00000, 0x0000000086c00000|  0%| F|  |TAMS 0x0000000086b00000, 0x0000000086b00000| Untracked 
| 108|0x0000000086c00000, 0x0000000086c00000, 0x0000000086d00000|  0%| F|  |TAMS 0x0000000086c00000, 0x0000000086c00000| Untracked 
| 109|0x0000000086d00000, 0x0000000086d00000, 0x0000000086e00000|  0%| F|  |TAMS 0x0000000086d00000, 0x0000000086d00000| Untracked 
| 110|0x0000000086e00000, 0x0000000086e00000, 0x0000000086f00000|  0%| F|  |TAMS 0x0000000086e00000, 0x0000000086e00000| Untracked 
| 111|0x0000000086f00000, 0x0000000086f00000, 0x0000000087000000|  0%| F|  |TAMS 0x0000000086f00000, 0x0000000086f00000| Untracked 
| 112|0x0000000087000000, 0x0000000087000000, 0x0000000087100000|  0%| F|  |TAMS 0x0000000087000000, 0x0000000087000000| Untracked 
| 113|0x0000000087100000, 0x0000000087100000, 0x0000000087200000|  0%| F|  |TAMS 0x0000000087100000, 0x0000000087100000| Untracked 
| 114|0x0000000087200000, 0x0000000087200000, 0x0000000087300000|  0%| F|  |TAMS 0x0000000087200000, 0x0000000087200000| Untracked 
| 115|0x0000000087300000, 0x0000000087300000, 0x0000000087400000|  0%| F|  |TAMS 0x0000000087300000, 0x0000000087300000| Untracked 
| 116|0x0000000087400000, 0x0000000087400000, 0x0000000087500000|  0%| F|  |TAMS 0x0000000087400000, 0x0000000087400000| Untracked 
| 117|0x0000000087500000, 0x0000000087500000, 0x0000000087600000|  0%| F|  |TAMS 0x0000000087500000, 0x0000000087500000| Untracked 
| 118|0x0000000087600000, 0x0000000087700000, 0x0000000087700000|100%| E|  |TAMS 0x0000000087600000, 0x0000000087600000| Complete 
| 119|0x0000000087700000, 0x0000000087800000, 0x0000000087800000|100%| E|CS|TAMS 0x0000000087700000, 0x0000000087700000| Complete 
| 120|0x0000000087800000, 0x0000000087900000, 0x0000000087900000|100%| E|CS|TAMS 0x0000000087800000, 0x0000000087800000| Complete 
| 121|0x0000000087900000, 0x0000000087a00000, 0x0000000087a00000|100%| E|CS|TAMS 0x0000000087900000, 0x0000000087900000| Complete 
| 122|0x0000000087a00000, 0x0000000087b00000, 0x0000000087b00000|100%| E|CS|TAMS 0x0000000087a00000, 0x0000000087a00000| Complete 
| 123|0x0000000087b00000, 0x0000000087c00000, 0x0000000087c00000|100%| E|CS|TAMS 0x0000000087b00000, 0x0000000087b00000| Complete 
| 124|0x0000000087c00000, 0x0000000087d00000, 0x0000000087d00000|100%| E|CS|TAMS 0x0000000087c00000, 0x0000000087c00000| Complete 
| 125|0x0000000087d00000, 0x0000000087d297e0, 0x0000000087e00000| 16%| S|CS|TAMS 0x0000000087d00000, 0x0000000087d00000| Complete 
| 126|0x0000000087e00000, 0x0000000087f00000, 0x0000000087f00000|100%| E|CS|TAMS 0x0000000087e00000, 0x0000000087e00000| Complete 
| 127|0x0000000087f00000, 0x0000000088000000, 0x0000000088000000|100%| E|CS|TAMS 0x0000000087f00000, 0x0000000087f00000| Complete 
| 128|0x0000000088000000, 0x0000000088100000, 0x0000000088100000|100%| E|CS|TAMS 0x0000000088000000, 0x0000000088000000| Complete 
| 129|0x0000000088100000, 0x0000000088200000, 0x0000000088200000|100%| E|CS|TAMS 0x0000000088100000, 0x0000000088100000| Complete 
|2046|0x00000000ffe00000, 0x00000000fff00000, 0x00000000fff00000|100%| O|  |TAMS 0x00000000fff00000, 0x00000000ffe00000| Untracked 
|2047|0x00000000fff00000, 0x0000000100000000, 0x0000000100000000|100%| O|  |TAMS 0x0000000100000000, 0x00000000fff00000| Untracked 

Card table byte_map: [0x00000249c4bd0000,0x00000249c4fd0000] _byte_map_base: 0x00000249c47d0000

Marking Bits (Prev, Next): (CMBitMap*) 0x00000249b235a140, (CMBitMap*) 0x00000249b235a100
 Prev Bits: [0x00000249c73d0000, 0x00000249c93d0000)
 Next Bits: [0x00000249c53d0000, 0x00000249c73d0000)

Polling page: 0x00000249b02d0000

Metaspace:

Usage:
  Non-class:     53.37 MB used.
      Class:      8.35 MB used.
       Both:     61.72 MB used.

Virtual space:
  Non-class space:       64.00 MB reserved,      53.69 MB ( 84%) committed,  1 nodes.
      Class space:        1.00 GB reserved,       8.62 MB ( <1%) committed,  1 nodes.
             Both:        1.06 GB reserved,      62.31 MB (  6%) committed. 

Chunk freelists:
   Non-Class:  10.30 MB
       Class:  7.33 MB
        Both:  17.62 MB

MaxMetaspaceSize: unlimited
CompressedClassSpaceSize: 1.00 GB
Initial GC threshold: 21.00 MB
Current GC threshold: 96.81 MB
CDS: off
MetaspaceReclaimPolicy: balanced
 - commit_granule_bytes: 65536.
 - commit_granule_words: 8192.
 - virtual_space_node_default_size: 8388608.
 - enlarge_chunks_in_place: 1.
 - new_chunks_are_fully_committed: 0.
 - uncommit_free_chunks: 1.
 - use_allocation_guard: 0.
 - handle_deallocations: 1.


Internal statistics:

num_allocs_failed_limit: 6.
num_arena_births: 738.
num_arena_deaths: 0.
num_vsnodes_births: 2.
num_vsnodes_deaths: 0.
num_space_committed: 997.
num_space_uncommitted: 0.
num_chunks_returned_to_freelist: 6.
num_chunks_taken_from_freelist: 2922.
num_chunk_merges: 3.
num_chunk_splits: 1925.
num_chunks_enlarged: 1298.
num_inconsistent_stats: 0.

CodeHeap 'non-profiled nmethods': size=120000Kb used=3181Kb max_used=3181Kb free=116818Kb
 bounds [0x00000249bd2a0000, 0x00000249bd5c0000, 0x00000249c47d0000]
CodeHeap 'profiled nmethods': size=120000Kb used=12200Kb max_used=12200Kb free=107799Kb
 bounds [0x00000249b57d0000, 0x00000249b63c0000, 0x00000249bcd00000]
CodeHeap 'non-nmethods': size=5760Kb used=1647Kb max_used=1674Kb free=4112Kb
 bounds [0x00000249bcd00000, 0x00000249bcf70000, 0x00000249bd2a0000]
 total_blobs=7164 nmethods=6450 adapters=625
 compilation: enabled
              stopped_count=0, restarted_count=0
 full_count=0

Compilation events (20 events):
Event: 28.928 Thread 0x00000249cbae3730 7185       3       jdk.internal.reflect.ClassFileAssembler::opc_invokespecial (26 bytes)
Event: 28.929 Thread 0x00000249cbae3730 nmethod 7185 0x00000249b63ad290 code [0x00000249b63ad4a0, 0x00000249b63ad9e8]
Event: 28.929 Thread 0x00000249cbae3730 7187       3       jdk.internal.reflect.ClassFileAssembler::emitInt (46 bytes)
Event: 28.930 Thread 0x00000249cbae3730 nmethod 7187 0x00000249b63adc90 code [0x00000249b63adea0, 0x00000249b63ae398]
Event: 28.930 Thread 0x00000249cbae3730 7186       3       jdk.internal.reflect.ClassFileAssembler::<init> (30 bytes)
Event: 28.930 Thread 0x00000249cbae3730 nmethod 7186 0x00000249b63ae610 code [0x00000249b63ae7a0, 0x00000249b63ae978]
Event: 28.930 Thread 0x00000249cbae3730 7184       3       jdk.internal.reflect.ClassFileAssembler::opc_new (16 bytes)
Event: 28.931 Thread 0x00000249cbae3730 nmethod 7184 0x00000249b63aea10 code [0x00000249b63aec20, 0x00000249b63af168]
Event: 28.931 Thread 0x00000249cbae3730 7188       3       jdk.internal.reflect.ByteVectorImpl::put (27 bytes)
Event: 28.931 Thread 0x00000249cbae3730 nmethod 7188 0x00000249b63af410 code [0x00000249b63af5c0, 0x00000249b63af7a8]
Event: 28.931 Thread 0x00000249cbae3730 7189   !   3       org.objectweb.asm.ClassWriter::getCommonSuperClass (141 bytes)
Event: 28.932 Thread 0x00000249cbae3730 nmethod 7189 0x00000249b63af910 code [0x00000249b63afc20, 0x00000249b63b0818]
Event: 28.941 Thread 0x00000249cba72d90 nmethod 7167 0x00000249bd5afd90 code [0x00000249bd5b0120, 0x00000249bd5b3b40]
Event: 28.941 Thread 0x00000249cba72d90 7174       4       sun.util.locale.LocaleUtils::toLowerString (95 bytes)
Event: 28.957 Thread 0x00000249cba72d90 nmethod 7174 0x00000249bd5b5a10 code [0x00000249bd5b5bc0, 0x00000249bd5b6318]
Event: 28.958 Thread 0x00000249cba72d90 7165       4       org.gradle.internal.reflect.MethodSet::add (50 bytes)
Event: 29.053 Thread 0x00000249cbae3730 7191       3       java.lang.invoke.MethodHandle::bindArgumentL (10 bytes)
Event: 29.054 Thread 0x00000249cbae3730 nmethod 7191 0x00000249b63b0e90 code [0x00000249b63b1080, 0x00000249b63b16e8]
Event: 29.114 Thread 0x00000249cba72d90 nmethod 7165 0x00000249bd5b6710 code [0x00000249bd5b69e0, 0x00000249bd5b9950]
Event: 29.114 Thread 0x00000249cba72d90 7190   !   4       java.net.URLClassLoader::findClass (47 bytes)

GC Heap History (20 events):
Event: 24.924 GC heap before
{Heap before GC invocations=18 (full 0):
 garbage-first heap   total 68608K, used 53798K [0x0000000080000000, 0x0000000100000000)
  region size 1024K, 22 young (22528K), 3 survivors (3072K)
 Metaspace       used 56239K, committed 56704K, reserved 1114112K
  class space    used 7710K, committed 7936K, reserved 1048576K
}
Event: 24.935 GC heap after
{Heap after GC invocations=19 (full 0):
 garbage-first heap   total 68608K, used 38380K [0x0000000080000000, 0x0000000100000000)
  region size 1024K, 3 young (3072K), 3 survivors (3072K)
 Metaspace       used 56239K, committed 56704K, reserved 1114112K
  class space    used 7710K, committed 7936K, reserved 1048576K
}
Event: 25.434 GC heap before
{Heap before GC invocations=20 (full 0):
 garbage-first heap   total 70656K, used 54764K [0x0000000080000000, 0x0000000100000000)
  region size 1024K, 19 young (19456K), 3 survivors (3072K)
 Metaspace       used 56633K, committed 57088K, reserved 1114112K
  class space    used 7755K, committed 7936K, reserved 1048576K
}
Event: 25.446 GC heap after
{Heap after GC invocations=21 (full 0):
 garbage-first heap   total 70656K, used 41405K [0x0000000080000000, 0x0000000100000000)
  region size 1024K, 3 young (3072K), 3 survivors (3072K)
 Metaspace       used 56633K, committed 57088K, reserved 1114112K
  class space    used 7755K, committed 7936K, reserved 1048576K
}
Event: 25.764 GC heap before
{Heap before GC invocations=21 (full 0):
 garbage-first heap   total 70656K, used 55741K [0x0000000080000000, 0x0000000100000000)
  region size 1024K, 17 young (17408K), 3 survivors (3072K)
 Metaspace       used 56766K, committed 57216K, reserved 1114112K
  class space    used 7755K, committed 7936K, reserved 1048576K
}
Event: 25.770 GC heap after
{Heap after GC invocations=22 (full 0):
 garbage-first heap   total 70656K, used 42373K [0x0000000080000000, 0x0000000100000000)
  region size 1024K, 3 young (3072K), 3 survivors (3072K)
 Metaspace       used 56766K, committed 57216K, reserved 1114112K
  class space    used 7755K, committed 7936K, reserved 1048576K
}
Event: 26.162 GC heap before
{Heap before GC invocations=23 (full 0):
 garbage-first heap   total 81920K, used 54661K [0x0000000080000000, 0x0000000100000000)
  region size 1024K, 16 young (16384K), 3 survivors (3072K)
 Metaspace       used 57091K, committed 57664K, reserved 1114112K
  class space    used 7794K, committed 8064K, reserved 1048576K
}
Event: 26.169 GC heap after
{Heap after GC invocations=24 (full 0):
 garbage-first heap   total 81920K, used 42978K [0x0000000080000000, 0x0000000100000000)
  region size 1024K, 2 young (2048K), 2 survivors (2048K)
 Metaspace       used 57091K, committed 57664K, reserved 1114112K
  class space    used 7794K, committed 8064K, reserved 1048576K
}
Event: 27.035 GC heap before
{Heap before GC invocations=25 (full 0):
 garbage-first heap   total 81920K, used 72674K [0x0000000080000000, 0x0000000100000000)
  region size 1024K, 19 young (19456K), 2 survivors (2048K)
 Metaspace       used 57856K, committed 58432K, reserved 1114112K
  class space    used 7927K, committed 8192K, reserved 1048576K
}
Event: 27.042 GC heap after
{Heap after GC invocations=26 (full 0):
 garbage-first heap   total 83968K, used 62851K [0x0000000080000000, 0x0000000100000000)
  region size 1024K, 3 young (3072K), 3 survivors (3072K)
 Metaspace       used 57856K, committed 58432K, reserved 1114112K
  class space    used 7927K, committed 8192K, reserved 1048576K
}
Event: 27.065 GC heap before
{Heap before GC invocations=26 (full 0):
 garbage-first heap   total 83968K, used 63875K [0x0000000080000000, 0x0000000100000000)
  region size 1024K, 4 young (4096K), 3 survivors (3072K)
 Metaspace       used 57929K, committed 58560K, reserved 1114112K
  class space    used 7942K, committed 8256K, reserved 1048576K
}
Event: 27.069 GC heap after
{Heap after GC invocations=27 (full 0):
 garbage-first heap   total 83968K, used 62795K [0x0000000080000000, 0x0000000100000000)
  region size 1024K, 1 young (1024K), 1 survivors (1024K)
 Metaspace       used 57929K, committed 58560K, reserved 1114112K
  class space    used 7942K, committed 8256K, reserved 1048576K
}
Event: 27.223 GC heap before
{Heap before GC invocations=27 (full 0):
 garbage-first heap   total 83968K, used 67915K [0x0000000080000000, 0x0000000100000000)
  region size 1024K, 6 young (6144K), 1 survivors (1024K)
 Metaspace       used 58344K, committed 58880K, reserved 1114112K
  class space    used 7996K, committed 8256K, reserved 1048576K
}
Event: 27.225 GC heap after
{Heap after GC invocations=28 (full 0):
 garbage-first heap   total 83968K, used 62625K [0x0000000080000000, 0x0000000100000000)
  region size 1024K, 1 young (1024K), 1 survivors (1024K)
 Metaspace       used 58344K, committed 58880K, reserved 1114112K
  class space    used 7996K, committed 8256K, reserved 1048576K
}
Event: 27.310 GC heap before
{Heap before GC invocations=28 (full 0):
 garbage-first heap   total 83968K, used 68769K [0x0000000080000000, 0x0000000100000000)
  region size 1024K, 7 young (7168K), 1 survivors (1024K)
 Metaspace       used 58714K, committed 59264K, reserved 1114112K
  class space    used 8025K, committed 8320K, reserved 1048576K
}
Event: 27.314 GC heap after
{Heap after GC invocations=29 (full 0):
 garbage-first heap   total 135168K, used 64311K [0x0000000080000000, 0x0000000100000000)
  region size 1024K, 1 young (1024K), 1 survivors (1024K)
 Metaspace       used 58714K, committed 59264K, reserved 1114112K
  class space    used 8025K, committed 8320K, reserved 1048576K
}
Event: 28.833 GC heap before
{Heap before GC invocations=30 (full 0):
 garbage-first heap   total 135168K, used 96055K [0x0000000080000000, 0x0000000100000000)
  region size 1024K, 32 young (32768K), 1 survivors (1024K)
 Metaspace       used 61269K, committed 61824K, reserved 1114112K
  class space    used 8359K, committed 8640K, reserved 1048576K
}
Event: 28.839 GC heap after
{Heap after GC invocations=31 (full 0):
 garbage-first heap   total 135168K, used 65329K [0x0000000080000000, 0x0000000100000000)
  region size 1024K, 2 young (2048K), 2 survivors (2048K)
 Metaspace       used 61269K, committed 61824K, reserved 1114112K
  class space    used 8359K, committed 8640K, reserved 1048576K
}
Event: 28.976 GC heap before
{Heap before GC invocations=31 (full 0):
 garbage-first heap   total 135168K, used 68401K [0x0000000080000000, 0x0000000100000000)
  region size 1024K, 6 young (6144K), 2 survivors (2048K)
 Metaspace       used 61877K, committed 62464K, reserved 1114112K
  class space    used 8400K, committed 8704K, reserved 1048576K
}
Event: 28.981 GC heap after
{Heap after GC invocations=32 (full 0):
 garbage-first heap   total 135168K, used 65147K [0x0000000080000000, 0x0000000100000000)
  region size 1024K, 1 young (1024K), 1 survivors (1024K)
 Metaspace       used 61877K, committed 62464K, reserved 1114112K
  class space    used 8400K, committed 8704K, reserved 1048576K
}

Dll operation events (3 events):
Event: 0.023 Loaded shared library D:\programas\AndroidStudio\jbr\bin\java.dll
Event: 0.952 Loaded shared library D:\programas\AndroidStudio\jbr\bin\zip.dll
Event: 1.924 Loaded shared library D:\programas\AndroidStudio\jbr\bin\verify.dll

Deoptimization events (20 events):
Event: 28.793 Thread 0x00000249d1acb6f0 Uncommon trap: trap_request=0xffffffde fr.pc=0x00000249bd566ec4 relative=0x0000000000000364
Event: 28.793 Thread 0x00000249d1acb6f0 Uncommon trap: reason=class_check action=maybe_recompile pc=0x00000249bd566ec4 method=java.util.stream.AbstractPipeline.copyIntoWithCancel(Ljava/util/stream/Sink;Ljava/util/Spliterator;)Z @ 32 c2
Event: 28.793 Thread 0x00000249d1acb6f0 DEOPT PACKING pc=0x00000249bd566ec4 sp=0x000000bff51f6560
Event: 28.793 Thread 0x00000249d1acb6f0 DEOPT UNPACKING pc=0x00000249bcd5a1a3 sp=0x000000bff51f6420 mode 2
Event: 28.793 Thread 0x00000249d1acb6f0 Uncommon trap: trap_request=0xffffffde fr.pc=0x00000249bd566ec4 relative=0x0000000000000364
Event: 28.793 Thread 0x00000249d1acb6f0 Uncommon trap: reason=class_check action=maybe_recompile pc=0x00000249bd566ec4 method=java.util.stream.AbstractPipeline.copyIntoWithCancel(Ljava/util/stream/Sink;Ljava/util/Spliterator;)Z @ 32 c2
Event: 28.794 Thread 0x00000249d1acb6f0 DEOPT PACKING pc=0x00000249bd566ec4 sp=0x000000bff51f6560
Event: 28.794 Thread 0x00000249d1acb6f0 DEOPT UNPACKING pc=0x00000249bcd5a1a3 sp=0x000000bff51f6420 mode 2
Event: 28.794 Thread 0x00000249d1acb6f0 Uncommon trap: trap_request=0xffffffde fr.pc=0x00000249bd566ec4 relative=0x0000000000000364
Event: 28.794 Thread 0x00000249d1acb6f0 Uncommon trap: reason=class_check action=maybe_recompile pc=0x00000249bd566ec4 method=java.util.stream.AbstractPipeline.copyIntoWithCancel(Ljava/util/stream/Sink;Ljava/util/Spliterator;)Z @ 32 c2
Event: 28.794 Thread 0x00000249d1acb6f0 DEOPT PACKING pc=0x00000249bd566ec4 sp=0x000000bff51f6560
Event: 28.794 Thread 0x00000249d1acb6f0 DEOPT UNPACKING pc=0x00000249bcd5a1a3 sp=0x000000bff51f6420 mode 2
Event: 29.072 Thread 0x00000249d1acb6f0 Uncommon trap: trap_request=0xffffffbe fr.pc=0x00000249bd3058c4 relative=0x00000000000001a4
Event: 29.072 Thread 0x00000249d1acb6f0 Uncommon trap: reason=profile_predicate action=maybe_recompile pc=0x00000249bd3058c4 method=java.util.LinkedHashMap.keysToArray([Ljava/lang/Object;)[Ljava/lang/Object; @ 12 c2
Event: 29.072 Thread 0x00000249d1acb6f0 DEOPT PACKING pc=0x00000249bd3058c4 sp=0x000000bff51f4d30
Event: 29.072 Thread 0x00000249d1acb6f0 DEOPT UNPACKING pc=0x00000249bcd5a1a3 sp=0x000000bff51f4ce8 mode 2
Event: 29.255 Thread 0x00000249d1acb6f0 Uncommon trap: trap_request=0xffffffbe fr.pc=0x00000249bd3058c4 relative=0x00000000000001a4
Event: 29.255 Thread 0x00000249d1acb6f0 Uncommon trap: reason=profile_predicate action=maybe_recompile pc=0x00000249bd3058c4 method=java.util.LinkedHashMap.keysToArray([Ljava/lang/Object;)[Ljava/lang/Object; @ 12 c2
Event: 29.255 Thread 0x00000249d1acb6f0 DEOPT PACKING pc=0x00000249bd3058c4 sp=0x000000bff51f57c0
Event: 29.255 Thread 0x00000249d1acb6f0 DEOPT UNPACKING pc=0x00000249bcd5a1a3 sp=0x000000bff51f5778 mode 2

Classes unloaded (0 events):
No events

Classes redefined (0 events):
No events

Internal exceptions (20 events):
Event: 23.673 Thread 0x00000249d1acb6f0 Exception <a 'java/lang/NoSuchMethodError'{0x0000000082d7a098}: 'java.lang.Object java.lang.invoke.DirectMethodHandle$Holder.invokeSpecial(java.lang.Object, java.lang.Object, java.lang.Object, java.lang.Object, java.lang.Object, long)'> (0x0000000082d7a098) 
thrown [s\src\hotspot\share\interpreter\linkResolver.cpp, line 771]
Event: 23.676 Thread 0x00000249d1acb6f0 Exception <a 'java/lang/NoSuchMethodError'{0x0000000082d9d478}: 'void java.lang.invoke.DirectMethodHandle$Holder.invokeStatic(java.lang.Object, java.lang.Object, java.lang.Object, int, java.lang.Object)'> (0x0000000082d9d478) 
thrown [s\src\hotspot\share\interpreter\linkResolver.cpp, line 771]
Event: 24.940 Thread 0x00000249d1acb6f0 Exception <a 'java/lang/NoSuchMethodError'{0x0000000087d0fb30}: 'java.lang.Object java.lang.invoke.DirectMethodHandle$Holder.newInvokeSpecial(java.lang.Object, java.lang.Object, java.lang.Object, java.lang.Object, int, java.lang.Object)'> (0x0000000087d0fb30) 
thrown [s\src\hotspot\share\interpreter\linkResolver.cpp, line 771]
Event: 24.941 Thread 0x00000249d1acb6f0 Exception <a 'java/lang/NoSuchMethodError'{0x0000000087d14e88}: 'java.lang.Object java.lang.invoke.Invokers$Holder.linkToTargetMethod(java.lang.Object, java.lang.Object, java.lang.Object, int, java.lang.Object, java.lang.Object)'> (0x0000000087d14e88) 
thrown [s\src\hotspot\share\interpreter\linkResolver.cpp, line 771]
Event: 25.925 Thread 0x00000249d1acb6f0 Exception <a 'java/lang/NoSuchMethodError'{0x0000000084eb64f0}: 'long java.lang.invoke.DirectMethodHandle$Holder.invokeVirtual(java.lang.Object, java.lang.Object)'> (0x0000000084eb64f0) 
thrown [s\src\hotspot\share\interpreter\linkResolver.cpp, line 771]
Event: 25.963 Thread 0x00000249d226ae10 Exception <a 'java/lang/NoSuchMethodError'{0x0000000084ef7fa0}: static Lorg/gradle/internal/build/event/types/DefaultOperationFinishedProgressEvent;.<clinit>()V> (0x0000000084ef7fa0) 
thrown [s\src\hotspot\share\prims\jni.cpp, line 1127]
Event: 25.967 Thread 0x00000249d226ae10 Exception <a 'java/lang/NoSuchMethodError'{0x0000000084d22c88}: static Lorg/gradle/internal/build/event/types/DefaultProjectConfigurationSuccessResult;.<clinit>()V> (0x0000000084d22c88) 
thrown [s\src\hotspot\share\prims\jni.cpp, line 1127]
Event: 25.968 Thread 0x00000249d226ae10 Exception <a 'java/lang/NoSuchMethodError'{0x0000000084d43140}: static Lorg/gradle/internal/build/event/types/AbstractProjectConfigurationResult;.<clinit>()V> (0x0000000084d43140) 
thrown [s\src\hotspot\share\prims\jni.cpp, line 1127]
Event: 25.968 Thread 0x00000249d226ae10 Exception <a 'java/lang/NoSuchMethodError'{0x0000000084d44888}: static Lorg/gradle/internal/build/event/types/AbstractOperationResult;.<clinit>()V> (0x0000000084d44888) 
thrown [s\src\hotspot\share\prims\jni.cpp, line 1127]
Event: 25.969 Thread 0x00000249d226ae10 Exception <a 'java/lang/NoSuchMethodError'{0x0000000084d45cd8}: static Lorg/gradle/internal/build/event/types/AbstractResult;.<clinit>()V> (0x0000000084d45cd8) 
thrown [s\src\hotspot\share\prims\jni.cpp, line 1127]
Event: 25.971 Thread 0x00000249d226ae10 Exception <a 'java/lang/NoSuchMethodError'{0x0000000084d5ec00}: static Lorg/gradle/internal/build/event/types/DefaultPluginApplicationResult;.<clinit>()V> (0x0000000084d5ec00) 
thrown [s\src\hotspot\share\prims\jni.cpp, line 1127]
Event: 25.972 Thread 0x00000249d226ae10 Exception <a 'java/lang/NoSuchMethodError'{0x0000000084d6b5f0}: static Lorg/gradle/internal/build/event/types/DefaultBinaryPluginIdentifier;.<clinit>()V> (0x0000000084d6b5f0) 
thrown [s\src\hotspot\share\prims\jni.cpp, line 1127]
Event: 25.976 Thread 0x00000249d226ae10 Exception <a 'java/lang/NoSuchMethodError'{0x0000000084d85520}: static Lorg/gradle/internal/build/event/types/DefaultScriptPluginIdentifier;.<clinit>()V> (0x0000000084d85520) 
thrown [s\src\hotspot\share\prims\jni.cpp, line 1127]
Event: 26.138 Thread 0x00000249d1acb6f0 Implicit null exception at 0x00000249bd331d0f to 0x00000249bd332384
Event: 26.138 Thread 0x00000249d1acb6f0 Implicit null exception at 0x00000249bd330e94 to 0x00000249bd3314d8
Event: 26.458 Thread 0x00000249d1acb6f0 Exception <a 'java/lang/NoSuchMethodError'{0x0000000084daeb08}: 'void java.lang.invoke.Invokers$Holder.invoke_MT(java.lang.Object, java.lang.Object, java.lang.Object, java.lang.Object)'> (0x0000000084daeb08) 
thrown [s\src\hotspot\share\interpreter\linkResolver.cpp, line 771]
Event: 26.484 Thread 0x00000249d1acb6f0 Exception <a 'java/lang/NoSuchMethodError'{0x0000000084c2ed28}: 'java.lang.Object java.lang.invoke.DirectMethodHandle$Holder.invokeSpecial(java.lang.Object, java.lang.Object, java.lang.Object, int, java.lang.Object, java.lang.Object)'> (0x0000000084c2ed28) 
thrown [s\src\hotspot\share\interpreter\linkResolver.cpp, line 771]
Event: 26.857 Thread 0x00000249d1acb6f0 Exception <a 'java/lang/ClassNotFoundException'{0x000000008430a5f0}: sun/misc/SharedSecrets> (0x000000008430a5f0) 
thrown [s\src\hotspot\share\classfile\systemDictionary.cpp, line 256]
Event: 26.857 Thread 0x00000249d1acb6f0 Exception <a 'java/lang/ClassNotFoundException'{0x000000008430bbc8}: org/gradle/api/internal/plugins/DefaultObjectConfigurationActionBeanInfo> (0x000000008430bbc8) 
thrown [s\src\hotspot\share\classfile\systemDictionary.cpp, line 256]
Event: 26.859 Thread 0x00000249d1acb6f0 Exception <a 'java/lang/ClassNotFoundException'{0x0000000084321cb0}: org/gradle/api/internal/plugins/DefaultObjectConfigurationActionCustomizer> (0x0000000084321cb0) 
thrown [s\src\hotspot\share\classfile\systemDictionary.cpp, line 256]

VM Operations (20 events):
Event: 26.369 Executing VM operation: G1PauseCleanup
Event: 26.369 Executing VM operation: G1PauseCleanup done
Event: 27.035 Executing VM operation: G1CollectForAllocation
Event: 27.042 Executing VM operation: G1CollectForAllocation done
Event: 27.064 Executing VM operation: G1CollectForAllocation
Event: 27.069 Executing VM operation: G1CollectForAllocation done
Event: 27.223 Executing VM operation: G1CollectForAllocation
Event: 27.225 Executing VM operation: G1CollectForAllocation done
Event: 27.310 Executing VM operation: G1CollectForAllocation
Event: 27.314 Executing VM operation: G1CollectForAllocation done
Event: 27.355 Executing VM operation: G1PauseRemark
Event: 27.362 Executing VM operation: G1PauseRemark done
Event: 27.429 Executing VM operation: G1PauseCleanup
Event: 27.429 Executing VM operation: G1PauseCleanup done
Event: 28.437 Executing VM operation: Cleanup
Event: 28.452 Executing VM operation: Cleanup done
Event: 28.833 Executing VM operation: G1CollectForAllocation
Event: 28.839 Executing VM operation: G1CollectForAllocation done
Event: 28.976 Executing VM operation: G1CollectForAllocation
Event: 28.981 Executing VM operation: G1CollectForAllocation done

Events (20 events):
Event: 29.179 loading class sun/management/ClassLoadingImpl
Event: 29.179 loading class sun/management/ClassLoadingImpl done
Event: 29.215 loading class java/lang/management/ThreadMXBean
Event: 29.215 loading class java/lang/management/ThreadMXBean done
Event: 29.215 loading class com/sun/management/internal/HotSpotThreadImpl
Event: 29.215 loading class com/sun/management/ThreadMXBean
Event: 29.215 loading class com/sun/management/ThreadMXBean done
Event: 29.215 loading class sun/management/ThreadImpl
Event: 29.216 loading class sun/management/ThreadImpl done
Event: 29.216 loading class com/sun/management/internal/HotSpotThreadImpl done
Event: 29.261 loading class java/time/format/DateTimeFormatterBuilder
Event: 29.263 loading class java/time/format/DateTimeFormatterBuilder done
Event: 29.264 loading class java/time/temporal/IsoFields
Event: 29.264 loading class java/time/temporal/IsoFields done
Event: 29.264 loading class java/time/temporal/IsoFields$Field
Event: 29.265 loading class java/time/temporal/IsoFields$Field done
Event: 29.265 loading class java/time/temporal/IsoFields$Field$1
Event: 29.266 loading class java/time/temporal/IsoFields$Field$1 done
Event: 29.266 loading class java/time/temporal/IsoFields$Field$2
Event: 29.266 loading class java/time/temporal/IsoFields$Field$2 done


Dynamic libraries:
0x00007ff7383e0000 - 0x00007ff7383ea000 	D:\programas\AndroidStudio\jbr\bin\java.exe
0x00007ffa32bd0000 - 0x00007ffa32de7000 	C:\Windows\SYSTEM32\ntdll.dll
0x00007ffa30dd0000 - 0x00007ffa30e94000 	C:\Windows\System32\KERNEL32.DLL
0x00007ffa301f0000 - 0x00007ffa305c2000 	C:\Windows\System32\KERNELBASE.dll
0x00007ffa305d0000 - 0x00007ffa306e1000 	C:\Windows\System32\ucrtbase.dll
0x00007ffa17ba0000 - 0x00007ffa17bb7000 	D:\programas\AndroidStudio\jbr\bin\jli.dll
0x00007ffa19c60000 - 0x00007ffa19c7b000 	D:\programas\AndroidStudio\jbr\bin\VCRUNTIME140.dll
0x00007ffa30ba0000 - 0x00007ffa30d51000 	C:\Windows\System32\USER32.dll
0x00007ffa30080000 - 0x00007ffa300a6000 	C:\Windows\System32\win32u.dll
0x00007ffa1a400000 - 0x00007ffa1a69b000 	C:\Windows\WinSxS\amd64_microsoft.windows.common-controls_6595b64144ccf1df_6.0.22621.5415_none_270d77d17387d7da\COMCTL32.dll
0x00007ffa32ae0000 - 0x00007ffa32b87000 	C:\Windows\System32\msvcrt.dll
0x00007ffa30ae0000 - 0x00007ffa30b09000 	C:\Windows\System32\GDI32.dll
0x00007ffa2fe30000 - 0x00007ffa2ff53000 	C:\Windows\System32\gdi32full.dll
0x00007ffa2ffe0000 - 0x00007ffa3007a000 	C:\Windows\System32\msvcp_win.dll
0x00007ffa32340000 - 0x00007ffa32371000 	C:\Windows\System32\IMM32.DLL
0x00007ffa1e4c0000 - 0x00007ffa1e4cc000 	D:\programas\AndroidStudio\jbr\bin\vcruntime140_1.dll
0x00007ff9bdbd0000 - 0x00007ff9bdc5d000 	D:\programas\AndroidStudio\jbr\bin\msvcp140.dll
0x00007ff9b47b0000 - 0x00007ff9b5433000 	D:\programas\AndroidStudio\jbr\bin\server\jvm.dll
0x00007ffa31ad0000 - 0x00007ffa31b81000 	C:\Windows\System32\ADVAPI32.dll
0x00007ffa31be0000 - 0x00007ffa31c88000 	C:\Windows\System32\sechost.dll
0x00007ffa2fcc0000 - 0x00007ffa2fce8000 	C:\Windows\System32\bcrypt.dll
0x00007ffa329c0000 - 0x00007ffa32ad4000 	C:\Windows\System32\RPCRT4.dll
0x00007ffa2f9e0000 - 0x00007ffa2fa2d000 	C:\Windows\SYSTEM32\POWRPROF.dll
0x00007ffa24df0000 - 0x00007ffa24e24000 	C:\Windows\SYSTEM32\WINMM.dll
0x00007ffa1f6a0000 - 0x00007ffa1f6aa000 	C:\Windows\SYSTEM32\VERSION.dll
0x00007ffa038b0000 - 0x00007ffa038b9000 	C:\Windows\SYSTEM32\WSOCK32.dll
0x00007ffa322c0000 - 0x00007ffa32331000 	C:\Windows\System32\WS2_32.dll
0x00007ffa2f9c0000 - 0x00007ffa2f9d3000 	C:\Windows\SYSTEM32\UMPDC.dll
0x00007ffa2ecf0000 - 0x00007ffa2ed08000 	C:\Windows\SYSTEM32\kernel.appcore.dll
0x00007ffa29ac0000 - 0x00007ffa29aca000 	D:\programas\AndroidStudio\jbr\bin\jimage.dll
0x00007ffa2d630000 - 0x00007ffa2d863000 	C:\Windows\SYSTEM32\DBGHELP.DLL
0x00007ffa32590000 - 0x00007ffa32923000 	C:\Windows\System32\combase.dll
0x00007ffa30860000 - 0x00007ffa30937000 	C:\Windows\System32\OLEAUT32.dll
0x00007ffa02400000 - 0x00007ffa02432000 	C:\Windows\SYSTEM32\dbgcore.DLL
0x00007ffa2ff60000 - 0x00007ffa2ffdb000 	C:\Windows\System32\bcryptPrimitives.dll
0x00007ffa190c0000 - 0x00007ffa190ce000 	D:\programas\AndroidStudio\jbr\bin\instrument.dll
0x00007ffa29a90000 - 0x00007ffa29ab5000 	D:\programas\AndroidStudio\jbr\bin\java.dll
0x00007ffa29a70000 - 0x00007ffa29a88000 	D:\programas\AndroidStudio\jbr\bin\zip.dll
0x00007ffa31110000 - 0x00007ffa319b2000 	C:\Windows\System32\SHELL32.dll
0x00007ffa2fcf0000 - 0x00007ffa2fe2f000 	C:\Windows\System32\wintypes.dll
0x00007ffa2dba0000 - 0x00007ffa2e4be000 	C:\Windows\SYSTEM32\windows.storage.dll
0x00007ffa319c0000 - 0x00007ffa31acb000 	C:\Windows\System32\SHCORE.dll
0x00007ffa32950000 - 0x00007ffa329b9000 	C:\Windows\System32\shlwapi.dll
0x00007ffa2fbf0000 - 0x00007ffa2fc1b000 	C:\Windows\SYSTEM32\profapi.dll
0x00007ffa272a0000 - 0x00007ffa272b9000 	D:\programas\AndroidStudio\jbr\bin\net.dll
0x00007ffa28160000 - 0x00007ffa2828c000 	C:\Windows\SYSTEM32\WINHTTP.dll
0x00007ffa2f170000 - 0x00007ffa2f1d9000 	C:\Windows\system32\mswsock.dll
0x00007ffa19700000 - 0x00007ffa19716000 	D:\programas\AndroidStudio\jbr\bin\nio.dll
0x00007ffa190d0000 - 0x00007ffa190e0000 	D:\programas\AndroidStudio\jbr\bin\verify.dll
0x00007ff9fa500000 - 0x00007ff9fa527000 	C:\Users\josee\.gradle\native\c067742578af261105cb4f569cf0c3c89f3d7b1fecec35dd04571415982c5e48\windows-amd64\native-platform.dll
0x00007ff9bda80000 - 0x00007ff9bdbc4000 	C:\Users\josee\.gradle\native\38dada09dfb8b06ba9b0570ebf7e218e3eb74d4ef43ca46872605cf95ebc2f47\windows-amd64\native-platform-file-events.dll
0x00007ffa1e4b0000 - 0x00007ffa1e4b9000 	D:\programas\AndroidStudio\jbr\bin\management.dll
0x00007ffa195d0000 - 0x00007ffa195db000 	D:\programas\AndroidStudio\jbr\bin\management_ext.dll
0x00007ffa31e20000 - 0x00007ffa31e28000 	C:\Windows\System32\PSAPI.DLL
0x00007ffa2f3d0000 - 0x00007ffa2f3eb000 	C:\Windows\SYSTEM32\CRYPTSP.dll
0x00007ffa2ec50000 - 0x00007ffa2ec87000 	C:\Windows\system32\rsaenh.dll
0x00007ffa2f260000 - 0x00007ffa2f288000 	C:\Windows\SYSTEM32\USERENV.dll
0x00007ffa2f3c0000 - 0x00007ffa2f3cc000 	C:\Windows\SYSTEM32\CRYPTBASE.dll
0x00007ffa2e760000 - 0x00007ffa2e78d000 	C:\Windows\SYSTEM32\IPHLPAPI.DLL
0x00007ffa31e30000 - 0x00007ffa31e39000 	C:\Windows\System32\NSI.dll
0x00007ffa28100000 - 0x00007ffa28119000 	C:\Windows\SYSTEM32\dhcpcsvc6.DLL
0x00007ffa280e0000 - 0x00007ffa280ff000 	C:\Windows\SYSTEM32\dhcpcsvc.DLL
0x00007ffa2e790000 - 0x00007ffa2e888000 	C:\Windows\SYSTEM32\DNSAPI.dll
0x00007ffa29a60000 - 0x00007ffa29a69000 	D:\programas\AndroidStudio\jbr\bin\extnet.dll
0x00007ffa27020000 - 0x00007ffa27028000 	C:\Windows\system32\wshunix.dll

dbghelp: loaded successfully - version: 4.0.5 - missing functions: none
symbol engine: initialized successfully - sym options: 0x614 - pdb path: .;D:\programas\AndroidStudio\jbr\bin;C:\Windows\SYSTEM32;C:\Windows\WinSxS\amd64_microsoft.windows.common-controls_6595b64144ccf1df_6.0.22621.5415_none_270d77d17387d7da;D:\programas\AndroidStudio\jbr\bin\server;C:\Users\josee\.gradle\native\c067742578af261105cb4f569cf0c3c89f3d7b1fecec35dd04571415982c5e48\windows-amd64;C:\Users\josee\.gradle\native\38dada09dfb8b06ba9b0570ebf7e218e3eb74d4ef43ca46872605cf95ebc2f47\windows-amd64

VM Arguments:
jvm_args: --add-opens=java.base/java.util=ALL-UNNAMED --add-opens=java.base/java.lang=ALL-UNNAMED --add-opens=java.base/java.lang.invoke=ALL-UNNAMED --add-opens=java.prefs/java.util.prefs=ALL-UNNAMED --add-opens=java.base/java.nio.charset=ALL-UNNAMED --add-opens=java.base/java.net=ALL-UNNAMED --add-opens=java.base/java.util.concurrent.atomic=ALL-UNNAMED -Xmx2048m -Dfile.encoding=UTF-8 -Duser.country=MX -Duser.language=es -Duser.variant -javaagent:C:\Users\josee\.gradle\wrapper\dists\gradle-8.7-bin\bhs2wmbdwecv87pi65oeuq5iu\gradle-8.7\lib\agents\gradle-instrumentation-agent-8.7.jar 
java_command: org.gradle.launcher.daemon.bootstrap.GradleDaemon 8.7
java_class_path (initial): C:\Users\josee\.gradle\wrapper\dists\gradle-8.7-bin\bhs2wmbdwecv87pi65oeuq5iu\gradle-8.7\lib\gradle-launcher-8.7.jar
Launcher Type: SUN_STANDARD

[Global flags]
     intx CICompilerCount                          = 3                                         {product} {ergonomic}
     uint ConcGCThreads                            = 1                                         {product} {ergonomic}
     uint G1ConcRefinementThreads                  = 4                                         {product} {ergonomic}
   size_t G1HeapRegionSize                         = 1048576                                   {product} {ergonomic}
    uintx GCDrainStackTargetSize                   = 64                                        {product} {ergonomic}
   size_t InitialHeapSize                          = 132120576                                 {product} {ergonomic}
   size_t MarkStackSize                            = 4194304                                   {product} {ergonomic}
   size_t MaxHeapSize                              = 2147483648                                {product} {command line}
   size_t MaxNewSize                               = 1287651328                                {product} {ergonomic}
   size_t MinHeapDeltaBytes                        = 1048576                                   {product} {ergonomic}
   size_t MinHeapSize                              = 8388608                                   {product} {ergonomic}
    uintx NonNMethodCodeHeapSize                   = 5832780                                {pd product} {ergonomic}
    uintx NonProfiledCodeHeapSize                  = 122912730                              {pd product} {ergonomic}
    uintx ProfiledCodeHeapSize                     = 122912730                              {pd product} {ergonomic}
    uintx ReservedCodeCacheSize                    = 251658240                              {pd product} {ergonomic}
     bool SegmentedCodeCache                       = true                                      {product} {ergonomic}
   size_t SoftMaxHeapSize                          = 2147483648                             {manageable} {ergonomic}
     bool UseCompressedClassPointers               = true                           {product lp64_product} {ergonomic}
     bool UseCompressedOops                        = true                           {product lp64_product} {ergonomic}
     bool UseG1GC                                  = true                                      {product} {ergonomic}
     bool UseLargePagesIndividualAllocation        = false                                  {pd product} {ergonomic}

Logging:
Log output configuration:
 #0: stdout all=warning uptime,level,tags
 #1: stderr all=off uptime,level,tags

Environment Variables:
JAVA_HOME=C:\Program Files\Java\jdk-21
PATH=C:\Python313\Scripts\;C:\Python313\;C:\Program Files\MongoDB\Server\7.0\bin;C:\ProgramData\Oracle\Java\javapath;C:\Program Files\Common Files\Oracle\Java\javapath;C:\Program Files\MySQL\MySQL Server 8.0\bin;C:\Windows\system32;C:\Windows;C:\Windows\System32\Wbem;C:\Windows\System32\WindowsPowerShell\v1.0\;C:\Windows\System32\OpenSSH\;C:\Program Files (x86)\Microsoft SQL Server\160\Tools\Binn\;C:\Program Files\Microsoft SQL Server\160\Tools\Binn\;C:\Program Files\Microsoft SQL Server\Client SDK\ODBC\170\Tools\Binn\;C:\Program Files\Microsoft SQL Server\160\DTS\Binn\;C:\Program Files (x86)\Microsoft SQL Server\160\DTS\Binn\;C:\Program Files\Microsoft SQL Server\150\Tools\Binn\;C:\Program Files\dotnet\;C:\Program Files\Java\jdk-21\bin;C:\Program Files\Microsoft SQL Server\130\DTS\Binn\;C:\Program Files\Microsoft SQL Server\140\DTS\Binn\;C:\Program Files\Microsoft SQL Server\150\DTS\Binn\;C:\Program Files\nodejs\;C:\ProgramData\chocolatey\bin;C:\Program Files\Docker\Docker\resources\bin;C:\Program Files\Git\cmd;C:\Program Files\OpenSSL-Win64\bin\;C:\Program Files\MySQL\MySQL Shell 8.0\bin\;C:\Users\josee\.console-ninja\.bin;C:\Users\josee\AppData\Local\Microsoft\WindowsApps;C:\Program Files\Azure Data Studio\bin;C:\Users\josee\AppData\Local\GitHubDesktop\bin;C:\Users\josee\.dotnet\tools;D:\Languages\PyCharm Community Edition 2023.3.2\bin;D:\Languages\intejjidea\IntelliJ IDEA Community Edition 2023.3.2\bin;C:\Users\josee\AppData\Local\JetBrains\Toolbox\scripts;C:\Users\josee\.dotnet\tools;C:\Users\josee\AppData\Local\Microsoft\WinGet\Packages\Schniz.fnm_Microsoft.Winget.Source_8wekyb3d8bbwe;C:\Users\josee\AppData\Roaming\npm;C:\Program Files\OpenSSL-Win64\bin;D:\programas\IntelliJ IDEA Community Edition 2025.1.1.1\bin;;C:\Users\josee\Downloads\postgresql-17.5-2-windows-x64-binaries\pgsql\bin;
USERNAME=josee
OS=Windows_NT
PROCESSOR_IDENTIFIER=Intel64 Family 6 Model 140 Stepping 2, GenuineIntel
TMP=C:\Users\josee\AppData\Local\Temp
TEMP=C:\Users\josee\AppData\Local\Temp



Periodic native trim disabled

JNI global refs:
JNI global refs: 26, weak refs: 1

JNI global refs memory usage: 843, weak refs: 841

Process memory usage:
Resident Set Size: 301264K (3% of 8166712K total physical memory with 687332K free physical memory)

OOME stack traces (most recent first):
Classloader memory used:
Loader org.gradle.internal.classloader.VisitableURLClassLoader                         : 3543K
Loader bootstrap                                                                       : 2508K
Loader org.gradle.initialization.MixInLegacyTypesClassLoader                           : 1117K
Loader org.gradle.internal.classloader.VisitableURLClassLoader$InstrumentingVisitableURLClassLoader: 589K
Loader jdk.internal.loader.ClassLoaders$PlatformClassLoader                            : 70705B
Loader jdk.internal.loader.ClassLoaders$AppClassLoader                                 : 28765B
Loader jdk.internal.reflect.DelegatingClassLoader                                      : 27554B
Loader org.gradle.internal.classloader.VisitableURLClassLoader                         : 19655B

Classes loaded by more than one classloader:
Class Program                                                                         : loaded 4 times (x 72B)
Class com.google.common.collect.Iterators$MergingIterator                             : loaded 2 times (x 79B)
Class [Lcom.google.common.collect.AbstractMapEntry;                                   : loaded 2 times (x 67B)
Class com.google.common.collect.SingletonImmutableList                                : loaded 2 times (x 167B)
Class com.google.common.cache.CacheLoader$SupplierToCacheLoader                       : loaded 2 times (x 73B)
Class org.gradle.internal.classpath.ClassPath                                         : loaded 2 times (x 68B)
Class com.google.common.cache.RemovalListener                                         : loaded 2 times (x 68B)
Class org.gradle.api.internal.classpath.DefaultModuleRegistry                         : loaded 2 times (x 84B)
Class Settings_gradle$1$1                                                             : loaded 2 times (x 72B)
Class com.google.common.collect.ListMultimap                                          : loaded 2 times (x 68B)
Class com.google.common.base.CharMatcher$JavaDigit                                    : loaded 2 times (x 109B)
Class com.google.common.base.CharMatcher$Digit                                        : loaded 2 times (x 110B)
Class com.google.common.collect.AbstractMultimap                                      : loaded 2 times (x 121B)
Class com.google.common.cache.CacheBuilder$OneWeigher                                 : loaded 2 times (x 80B)
Class org.gradle.api.Action                                                           : loaded 2 times (x 68B)
Class com.google.common.collect.ImmutableEntry                                        : loaded 2 times (x 80B)
Class com.google.common.collect.Lists$StringAsImmutableList                           : loaded 2 times (x 167B)
Class com.google.common.base.CharMatcher                                              : loaded 2 times (x 109B)
Class com.google.common.base.CharMatcher$IsNot                                        : loaded 2 times (x 109B)
Class com.google.common.base.Splitter                                                 : loaded 2 times (x 70B)
Class [Lcom.google.common.cache.Weigher;                                              : loaded 2 times (x 67B)
Class com.google.common.collect.Iterators$ArrayItr                                    : loaded 2 times (x 95B)
Class com.google.common.cache.LocalCache$Segment                                      : loaded 2 times (x 152B)
Class org.gradle.api.internal.DefaultClassPathProvider                                : loaded 2 times (x 74B)
Class org.gradle.internal.installation.GradleInstallation$1                           : loaded 2 times (x 73B)
Class com.google.common.base.CharMatcher$BitSetMatcher                                : loaded 2 times (x 110B)
Class com.google.common.collect.ImmutableMap$IteratorBasedImmutableMap                : loaded 2 times (x 123B)
Class com.google.common.collect.ImmutableMap                                          : loaded 2 times (x 118B)
Class com.google.common.base.Converter                                                : loaded 2 times (x 88B)
Class com.google.common.collect.ImmutableSet$EmptySetBuilderImpl                      : loaded 2 times (x 74B)
Class com.google.common.base.Equivalence                                              : loaded 2 times (x 80B)
Class com.google.common.cache.LocalCache$EntryFactory$1                               : loaded 2 times (x 81B)
Class com.google.common.cache.LocalCache$EntryFactory$2                               : loaded 2 times (x 81B)
Class com.google.common.cache.LocalCache$EntryFactory$3                               : loaded 2 times (x 81B)
Class com.google.common.cache.LocalCache$EntryFactory$4                               : loaded 2 times (x 81B)
Class com.google.common.cache.LocalCache$EntryFactory$5                               : loaded 2 times (x 81B)
Class com.google.common.cache.LocalCache$EntryFactory$6                               : loaded 2 times (x 81B)
Class com.google.common.cache.LocalCache$EntryFactory$7                               : loaded 2 times (x 81B)
Class com.google.common.cache.LocalCache$EntryFactory$8                               : loaded 2 times (x 81B)
Class com.google.common.base.Predicate                                                : loaded 2 times (x 68B)
Class org.gradle.internal.classloader.FilteringClassLoader                            : loaded 2 times (x 103B)
Class com.google.common.collect.RegularImmutableSet                                   : loaded 2 times (x 146B)
Class [Lcom.google.common.cache.LocalCache$Strength;                                  : loaded 2 times (x 67B)
Class org.gradle.internal.classpath.DefaultClassPath$ImmutableUniqueList$Builder      : loaded 2 times (x 73B)
Class com.google.common.collect.Maps$8                                                : loaded 2 times (x 80B)
Class [Lcom.google.common.cache.CacheBuilder$NullListener;                            : loaded 2 times (x 67B)
Class com.google.common.base.PatternCompiler                                          : loaded 2 times (x 68B)
Class com.google.common.base.CharMatcher$InRange                                      : loaded 2 times (x 109B)
Class com.google.common.collect.BiMap                                                 : loaded 2 times (x 68B)
Class com.google.common.collect.Lists                                                 : loaded 2 times (x 69B)
Class com.google.common.math.IntMath$1                                                : loaded 2 times (x 69B)
Class org.gradle.internal.classloader.ClassLoaderVisitor                              : loaded 2 times (x 74B)
Class com.google.common.cache.CacheBuilder$NullListener                               : loaded 2 times (x 80B)
Class com.google.common.math.MathPreconditions                                        : loaded 2 times (x 69B)
Class org.gradle.internal.service.DefaultServiceLocator                               : loaded 2 times (x 81B)
Class org.gradle.internal.service.UnknownServiceException                             : loaded 2 times (x 81B)
Class com.google.common.collect.ArrayListMultimap                                     : loaded 2 times (x 170B)
Class com.google.common.base.Strings                                                  : loaded 2 times (x 69B)
Class com.google.common.cache.CacheLoader$InvalidCacheLoadException                   : loaded 2 times (x 80B)
Class org.gradle.internal.classloader.DefaultClassLoaderFactory                       : loaded 2 times (x 80B)
Class com.google.common.collect.UnmodifiableIterator                                  : loaded 2 times (x 78B)
Class com.google.common.base.Platform$JdkPatternCompiler                              : loaded 2 times (x 73B)
Class com.google.common.cache.LocalCache$LoadingValueReference                        : loaded 2 times (x 94B)
Class com.google.common.base.CharMatcher$SingleWidth                                  : loaded 2 times (x 110B)
Class com.google.common.collect.Hashing                                               : loaded 2 times (x 69B)
Class com.google.common.base.JdkPattern                                               : loaded 2 times (x 73B)
Class com.google.common.collect.Multimap                                              : loaded 2 times (x 68B)
Class com.google.common.base.FunctionalEquivalence                                    : loaded 2 times (x 81B)
Class com.google.common.cache.LocalCache$1                                            : loaded 2 times (x 87B)
Class com.google.common.cache.LocalCache$2                                            : loaded 2 times (x 140B)
Class org.gradle.internal.classloader.VisitableURLClassLoader$Spec                    : loaded 2 times (x 72B)
Class org.gradle.api.GradleException                                                  : loaded 2 times (x 80B)
Class com.google.common.base.CharMatcher$JavaLetterOrDigit                            : loaded 2 times (x 109B)
Class org.gradle.api.internal.classpath.ModuleRegistry                                : loaded 2 times (x 68B)
Class com.google.common.cache.CacheBuilder                                            : loaded 2 times (x 70B)
Class com.google.common.collect.ImmutableCollection                                   : loaded 2 times (x 123B)
Class com.google.common.base.PairwiseEquivalence                                      : loaded 2 times (x 81B)
Class com.google.common.base.Ticker                                                   : loaded 2 times (x 70B)
Class org.gradle.api.internal.ClassPathProvider                                       : loaded 2 times (x 68B)
Class com.google.common.collect.RegularImmutableMap$Values                            : loaded 2 times (x 167B)
Class org.gradle.internal.classloader.ClasspathUtil$1                                 : loaded 2 times (x 74B)
Class com.google.common.collect.ImmutableEnumMap                                      : loaded 2 times (x 123B)
Class com.google.common.collect.ImmutableList$ReverseImmutableList                    : loaded 2 times (x 168B)
Class com.google.common.cache.AbstractCache$StatsCounter                              : loaded 2 times (x 68B)
Class com.google.common.cache.LocalCache$Strength$1                                   : loaded 2 times (x 79B)
Class com.google.common.cache.LocalCache$Strength$2                                   : loaded 2 times (x 79B)
Class com.google.common.cache.LocalCache$Strength$3                                   : loaded 2 times (x 79B)
Class org.gradle.internal.classloader.ClassLoaderFactory                              : loaded 2 times (x 68B)
Class com.google.common.collect.ObjectArrays                                          : loaded 2 times (x 69B)
Class com.google.common.collect.Iterators$10                                          : loaded 2 times (x 79B)
Class com.google.common.collect.ImmutableList                                         : loaded 2 times (x 166B)
Class org.gradle.api.internal.classpath.ManifestUtil                                  : loaded 2 times (x 69B)
Class org.gradle.api.specs.Spec                                                       : loaded 2 times (x 68B)
Class com.google.common.cache.CacheLoader$UnsupportedLoadingOperationException        : loaded 2 times (x 80B)
Class com.google.common.base.CharMatcher$Whitespace                                   : loaded 2 times (x 110B)
Class com.google.common.collect.Iterators$1                                           : loaded 2 times (x 79B)
Class com.google.common.collect.Iterators$4                                           : loaded 2 times (x 80B)
Class com.google.common.collect.RegularImmutableMap$BucketOverflowException           : loaded 2 times (x 80B)
Class com.google.common.collect.Iterators$5                                           : loaded 2 times (x 80B)
Class com.google.common.base.Equivalence$Equals                                       : loaded 2 times (x 80B)
Class com.google.common.base.Preconditions                                            : loaded 2 times (x 69B)
Class com.google.common.base.Function                                                 : loaded 2 times (x 68B)
Class com.google.common.collect.Iterators$9                                           : loaded 2 times (x 79B)
Class org.gradle.internal.IoActions                                                   : loaded 2 times (x 69B)
Class com.google.common.cache.ReferenceEntry                                          : loaded 2 times (x 68B)
Class com.google.common.collect.RegularImmutableMap$KeySet                            : loaded 2 times (x 148B)
Class com.google.common.collect.CollectPreconditions                                  : loaded 2 times (x 69B)
Class com.google.common.collect.Maps                                                  : loaded 2 times (x 69B)
Class com.google.common.collect.RegularImmutableMap                                   : loaded 2 times (x 119B)
Class com.google.common.collect.AbstractIndexedListIterator                           : loaded 2 times (x 94B)
Class com.google.common.base.CharMatcher$None                                         : loaded 2 times (x 110B)
Class org.gradle.api.internal.classpath.EffectiveClassPath                            : loaded 2 times (x 88B)
Class com.google.common.collect.UnmodifiableListIterator                              : loaded 2 times (x 93B)
Class com.google.common.cache.CacheLoader$FunctionToCacheLoader                       : loaded 2 times (x 73B)
Class com.google.common.cache.CacheBuilder$1                                          : loaded 2 times (x 83B)
Class com.google.common.cache.CacheBuilder$2                                          : loaded 2 times (x 70B)
Class com.google.common.collect.ImmutableList$1                                       : loaded 2 times (x 95B)
Class com.google.common.base.Splitter$Strategy                                        : loaded 2 times (x 68B)
Class com.google.common.collect.ImmutableMapEntrySet$RegularEntrySet                  : loaded 2 times (x 149B)
Class [Lcom.google.common.cache.RemovalListener;                                      : loaded 2 times (x 67B)
Class [Lcom.google.common.collect.ImmutableMapEntry;                                  : loaded 2 times (x 67B)
Class org.gradle.internal.installation.CurrentGradleInstallation                      : loaded 2 times (x 71B)
Class org.gradle.internal.agents.InstrumentingClassLoader                             : loaded 2 times (x 68B)
Class org.gradle.internal.installation.CurrentGradleInstallationLocator               : loaded 2 times (x 69B)
Class [Lcom.google.common.cache.LocalCache$Segment;                                   : loaded 2 times (x 67B)
Class org.gradle.api.internal.classpath.Module                                        : loaded 2 times (x 68B)
Class com.google.common.base.Splitter$1$1                                             : loaded 2 times (x 84B)
Class com.google.common.collect.ImmutableSet$JdkBackedSetBuilderImpl                  : loaded 2 times (x 74B)
Class com.google.common.collect.ImmutableSet$RegularSetBuilderImpl                    : loaded 2 times (x 75B)
Class org.gradle.internal.service.CachingServiceLocator                               : loaded 2 times (x 80B)
Class [Lcom.google.common.collect.ImmutableEntry;                                     : loaded 2 times (x 67B)
Class org.gradle.internal.classpath.DefaultClassPath                                  : loaded 2 times (x 88B)
Class com.google.common.base.Splitter$SplittingIterator                               : loaded 2 times (x 82B)
Class com.google.common.cache.LocalCache$LocalManualCache$1                           : loaded 2 times (x 73B)
Class Build_gradle$1                                                                  : loaded 2 times (x 76B)
Class [Lcom.google.common.cache.LocalCache$EntryFactory;                              : loaded 2 times (x 67B)
Class com.google.common.base.CharMatcher$Is                                           : loaded 2 times (x 109B)
Class com.google.common.base.Platform                                                 : loaded 2 times (x 69B)
Class com.google.common.collect.RegularImmutableAsList                                : loaded 2 times (x 176B)
Class com.google.common.collect.PeekingIterator                                       : loaded 2 times (x 68B)
Class com.google.common.collect.ImmutableMapEntrySet                                  : loaded 2 times (x 149B)
Class com.google.common.cache.CacheLoader                                             : loaded 2 times (x 72B)
Class com.google.common.collect.ImmutableBiMapFauxverideShim                          : loaded 2 times (x 118B)
Class com.google.common.cache.Cache                                                   : loaded 2 times (x 68B)
Class org.gradle.internal.classloader.SystemClassLoaderSpec                           : loaded 2 times (x 69B)
Class com.google.common.collect.SingletonImmutableSet                                 : loaded 2 times (x 144B)
Class [Lcom.google.common.base.AbstractIterator$State;                                : loaded 2 times (x 67B)
Class com.google.common.collect.ImmutableMap$Builder                                  : loaded 2 times (x 80B)
Class com.google.common.base.AbstractIterator                                         : loaded 2 times (x 78B)
Class com.google.common.base.AbstractIterator$1                                       : loaded 2 times (x 69B)
Class [Lcom.google.common.cache.CacheBuilder$OneWeigher;                              : loaded 2 times (x 67B)
Class com.google.common.collect.Iterators                                             : loaded 2 times (x 69B)
Class com.google.common.base.CharMatcher$1                                            : loaded 2 times (x 111B)
Class com.google.common.base.CharMatcher$Ascii                                        : loaded 2 times (x 110B)
Class com.google.common.cache.LocalCache$ComputingValueReference                      : loaded 2 times (x 94B)
Class org.gradle.api.UncheckedIOException                                             : loaded 2 times (x 80B)
Class com.google.common.base.CharMatcher$And                                          : loaded 2 times (x 110B)
Class com.google.common.collect.IndexedImmutableSet                                   : loaded 2 times (x 148B)
Class com.google.common.collect.AbstractListMultimap                                  : loaded 2 times (x 170B)
Class com.google.common.base.CharMatcher$Any                                          : loaded 2 times (x 110B)
Class org.gradle.internal.installation.GradleInstallation                             : loaded 2 times (x 73B)
Class com.google.common.cache.LocalCache$Strength                                     : loaded 2 times (x 79B)
Class com.google.common.collect.ArrayListMultimapGwtSerializationDependencies         : loaded 2 times (x 170B)
Class com.google.common.base.CharMatcher$RangesMatcher                                : loaded 2 times (x 110B)
Class com.google.common.collect.ImmutableList$SubList                                 : loaded 2 times (x 168B)
Class com.google.common.cache.LocalCache$ValueReference                               : loaded 2 times (x 68B)
Class org.gradle.internal.classloader.ClasspathUtil                                   : loaded 2 times (x 69B)
Class com.google.common.base.Splitter$1                                               : loaded 2 times (x 75B)
Class com.google.common.base.Ticker$1                                                 : loaded 2 times (x 70B)
Class com.google.common.collect.Maps$BiMapConverter                                   : loaded 2 times (x 88B)
Class org.gradle.api.internal.DefaultClassPathRegistry                                : loaded 2 times (x 74B)
Class com.google.common.collect.ImmutableSet$SetBuilderImpl                           : loaded 2 times (x 74B)
Class org.gradle.api.internal.classpath.DefaultModuleRegistry$DefaultModule           : loaded 2 times (x 84B)
Class com.google.common.base.CharMatcher$JavaIsoControl                               : loaded 2 times (x 110B)
Class com.google.common.collect.ImmutableMap$1                                        : loaded 2 times (x 79B)
Class com.google.common.base.CharMatcher$Or                                           : loaded 2 times (x 110B)
Class org.gradle.kotlin.dsl.VersionCatalogAccessorsKt                                 : loaded 2 times (x 69B)
Class com.google.common.base.Suppliers$SupplierOfInstance                             : loaded 2 times (x 77B)
Class com.google.common.collect.Iterables                                             : loaded 2 times (x 69B)
Class com.google.common.base.CharMatcher$JavaLowerCase                                : loaded 2 times (x 109B)
Class org.gradle.api.internal.classpath.UnknownModuleException                        : loaded 2 times (x 80B)
Class com.google.common.collect.Maps$EntryTransformer                                 : loaded 2 times (x 68B)
Class com.google.common.collect.ImmutableCollection$Builder                           : loaded 2 times (x 74B)
Class com.google.common.base.CommonPattern                                            : loaded 2 times (x 72B)
Class com.google.common.base.Suppliers                                                : loaded 2 times (x 69B)
Class com.google.common.cache.LoadingCache                                            : loaded 2 times (x 68B)
Class org.gradle.internal.service.ServiceLookupException                              : loaded 2 times (x 80B)
Class org.gradle.cache.GlobalCache                                                    : loaded 2 times (x 68B)
Class com.google.common.base.CharMatcher$NegatedFastMatcher                           : loaded 2 times (x 111B)
Class [Lorg.gradle.api.internal.ClassPathProvider;                                    : loaded 2 times (x 67B)
Class org.gradle.util.internal.GUtil                                                  : loaded 2 times (x 69B)
Class com.google.common.math.IntMath                                                  : loaded 2 times (x 69B)
Class com.google.common.collect.AbstractIterator                                      : loaded 2 times (x 80B)
Class org.gradle.internal.classloader.ClassLoaderSpec                                 : loaded 2 times (x 69B)
Class com.google.common.base.NullnessCasts                                            : loaded 2 times (x 69B)
Class com.google.common.cache.LocalCache$LocalManualCache                             : loaded 2 times (x 97B)
Class com.google.common.collect.AbstractMapEntry                                      : loaded 2 times (x 79B)
Class com.google.common.base.CharMatcher$Negated                                      : loaded 2 times (x 111B)
Class com.google.common.cache.CacheLoader$1                                           : loaded 2 times (x 73B)
Class com.google.common.collect.ImmutableSet$Builder                                  : loaded 2 times (x 83B)
Class com.google.common.base.CharMatcher$ForPredicate                                 : loaded 2 times (x 110B)
Class com.google.common.collect.ImmutableMap$MapViewOfValuesAsSingletonSets           : loaded 2 times (x 123B)
Class com.google.common.base.MoreObjects                                              : loaded 2 times (x 69B)
Class com.google.common.collect.SortedMapDifference                                   : loaded 2 times (x 68B)
Class com.google.common.cache.CacheStats                                              : loaded 2 times (x 69B)
Class org.gradle.internal.classloader.VisitableURLClassLoader                         : loaded 2 times (x 115B)
Class com.google.common.cache.LocalCache$LocalLoadingCache                            : loaded 2 times (x 132B)
Class com.google.common.base.Supplier                                                 : loaded 2 times (x 68B)
Class com.google.common.collect.ImmutableBiMap                                        : loaded 2 times (x 141B)
Class org.gradle.internal.Cast                                                        : loaded 2 times (x 69B)
Class Build_gradle                                                                    : loaded 2 times (x 70B)
Class org.gradle.api.internal.ClassPathRegistry                                       : loaded 2 times (x 68B)
Class com.google.common.cache.LocalCache$EntryFactory                                 : loaded 2 times (x 81B)
Class com.google.common.util.concurrent.UncheckedExecutionException                   : loaded 2 times (x 80B)
Class com.google.common.collect.ImmutableSet                                          : loaded 2 times (x 143B)
Class org.gradle.internal.classloader.VisitableURLClassLoader$InstrumentingVisitableURLClassLoader: loaded 2 times (x 121B)
Class org.gradle.internal.classloader.ClassLoaderHierarchy                            : loaded 2 times (x 68B)
Class com.google.common.base.AbstractIterator$State                                   : loaded 2 times (x 77B)
Class com.google.common.cache.Weigher                                                 : loaded 2 times (x 68B)
Class com.google.common.base.CharMatcher$NamedFastMatcher                             : loaded 2 times (x 110B)
Class org.gradle.internal.InternalTransformer                                         : loaded 2 times (x 68B)
Class org.gradle.internal.service.ServiceLocator                                      : loaded 2 times (x 68B)
Class Settings_gradle$1                                                               : loaded 2 times (x 72B)
Class com.google.common.collect.ImmutableMapEntry                                     : loaded 2 times (x 83B)
Class com.google.common.base.CharMatcher$Invisible                                    : loaded 2 times (x 110B)
Class com.google.common.base.CharMatcher$FastMatcher                                  : loaded 2 times (x 109B)
Class org.gradle.internal.classpath.DefaultClassPath$ImmutableUniqueList              : loaded 2 times (x 159B)
Class com.google.common.base.CharMatcher$JavaLetter                                   : loaded 2 times (x 109B)
Class org.gradle.internal.classpath.TransformedClassPath                              : loaded 2 times (x 94B)
Class com.google.common.collect.MapDifference                                         : loaded 2 times (x 68B)
Class Settings_gradle                                                                 : loaded 2 times (x 126B)
Class com.google.common.collect.Platform                                              : loaded 2 times (x 69B)
Class com.google.common.collect.ImmutableAsList                                       : loaded 2 times (x 169B)
Class com.google.common.util.concurrent.ExecutionError                                : loaded 2 times (x 80B)
Class com.google.common.base.Equivalence$Identity                                     : loaded 2 times (x 80B)
Class com.google.common.base.CharMatcher$AnyOf                                        : loaded 2 times (x 110B)
Class com.google.common.base.CharMatcher$IsEither                                     : loaded 2 times (x 109B)
Class com.google.common.cache.LocalCache                                              : loaded 2 times (x 185B)
Class com.google.common.collect.RegularImmutableList                                  : loaded 2 times (x 172B)
Class com.google.common.base.CharMatcher$JavaUpperCase                                : loaded 2 times (x 109B)
Class com.google.common.collect.Multiset                                              : loaded 2 times (x 68B)
Class com.google.common.collect.ImmutableSet$CachingAsList                            : loaded 2 times (x 145B)
Class com.google.common.collect.ImmutableMapEntry$NonTerminalImmutableMapEntry        : loaded 2 times (x 83B)
Class com.google.common.collect.AbstractMapBasedMultimap                              : loaded 2 times (x 137B)


---------------  S Y S T E M  ---------------

OS:
 Windows 11 , 64 bit Build 22621 (10.0.22621.5415)
OS uptime: 0 days 0:23 hours
Hyper-V role detected

CPU: total 4 (initial active 4) (2 cores per cpu, 2 threads per core) family 6 model 140 stepping 2 microcode 0x26, cx8, cmov, fxsr, ht, mmx, 3dnowpref, sse, sse2, sse3, ssse3, sse4.1, sse4.2, popcnt, lzcnt, tsc, tscinvbit, avx, avx2, aes, erms, clmul, bmi1, bmi2, adx, avx512f, avx512dq, avx512cd, avx512bw, avx512vl, sha, fma, vzeroupper, avx512_vpopcntdq, avx512_vpclmulqdq, avx512_vaes, avx512_vnni, clflush, clflushopt, clwb, avx512_vbmi2, avx512_vbmi, hv
Processor Information for all 4 processors :
  Max Mhz: 2995, Current Mhz: 1497, Mhz Limit: 2995

Memory: 4k page, system-wide physical 7975M (737M free)
TotalPageFile size 7975M (AvailPageFile size 231M)
current process WorkingSet (physical memory assigned to process): 294M, peak: 294M
current process commit charge ("private bytes"): 341M, peak: 341M

vm_info: OpenJDK 64-Bit Server VM (17.0.11+0--11852314) for windows-amd64 JRE (17.0.11+0--11852314), built on May 16 2024 21:29:20 by "androidbuild" with MS VC++ 16.10 / 16.11 (VS2019)

END.
